CRITICAL - 2020-11-20 10:23:46 --> Undefined variable: class_id
#0 C:\xampp\htdocs\dawah\app\Views\backend\dashboard\class_reports\scripts.php(8): CodeIgniter\Debug\Exceptions->errorHandler(8, 'Undefined varia...', 'C:\\xampp\\htdocs...', 8, Array)
#1 C:\xampp\htdocs\dawah\app\Views\backend\index.php(112): include('C:\\xampp\\htdocs...')
#2 C:\xampp\htdocs\dawah\system\View\View.php(236): include('C:\\xampp\\htdocs...')
#3 C:\xampp\htdocs\dawah\system\Common.php(1071): CodeIgniter\View\View->render('backend/index', Array, true)
#4 C:\xampp\htdocs\dawah\app\Controllers\Academic\ReportsController.php(283): view('backend/index', Array)
#5 C:\xampp\htdocs\dawah\system\CodeIgniter.php(910): App\Controllers\Academic\ReportsController->show('59')
#6 C:\xampp\htdocs\dawah\system\CodeIgniter.php(398): CodeIgniter\CodeIgniter->runController(Object(App\Controllers\Academic\ReportsController))
#7 C:\xampp\htdocs\dawah\system\CodeIgniter.php(306): CodeIgniter\CodeIgniter->handleRequest(NULL, Object(Config\Cache), false)
#8 C:\xampp\htdocs\dawah\index.php(45): CodeIgniter\CodeIgniter->run()
#9 {main}
CRITICAL - 2020-11-20 10:45:11 --> Undefined variable: student_atendance_text
#0 C:\xampp\htdocs\dawah\app\Views\backend\dashboard\class_reports\scripts.php(54): CodeIgniter\Debug\Exceptions->errorHandler(8, 'Undefined varia...', 'C:\\xampp\\htdocs...', 54, Array)
#1 C:\xampp\htdocs\dawah\app\Views\backend\index.php(112): include('C:\\xampp\\htdocs...')
#2 C:\xampp\htdocs\dawah\system\View\View.php(236): include('C:\\xampp\\htdocs...')
#3 C:\xampp\htdocs\dawah\system\Common.php(1071): CodeIgniter\View\View->render('backend/index', Array, true)
#4 C:\xampp\htdocs\dawah\app\Controllers\Academic\ReportsController.php(287): view('backend/index', Array)
#5 C:\xampp\htdocs\dawah\system\CodeIgniter.php(910): App\Controllers\Academic\ReportsController->show('59')
#6 C:\xampp\htdocs\dawah\system\CodeIgniter.php(398): CodeIgniter\CodeIgniter->runController(Object(App\Controllers\Academic\ReportsController))
#7 C:\xampp\htdocs\dawah\system\CodeIgniter.php(306): CodeIgniter\CodeIgniter->handleRequest(NULL, Object(Config\Cache), false)
#8 C:\xampp\htdocs\dawah\index.php(45): CodeIgniter\CodeIgniter->run()
#9 {main}
CRITICAL - 2020-11-20 10:45:39 --> Undefined variable: student_atendance_text
#0 C:\xampp\htdocs\dawah\app\Views\backend\dashboard\class_reports\scripts.php(47): CodeIgniter\Debug\Exceptions->errorHandler(8, 'Undefined varia...', 'C:\\xampp\\htdocs...', 47, Array)
#1 C:\xampp\htdocs\dawah\app\Views\backend\index.php(112): include('C:\\xampp\\htdocs...')
#2 C:\xampp\htdocs\dawah\system\View\View.php(236): include('C:\\xampp\\htdocs...')
#3 C:\xampp\htdocs\dawah\system\Common.php(1071): CodeIgniter\View\View->render('backend/index', Array, true)
#4 C:\xampp\htdocs\dawah\app\Controllers\Academic\ReportsController.php(287): view('backend/index', Array)
#5 C:\xampp\htdocs\dawah\system\CodeIgniter.php(910): App\Controllers\Academic\ReportsController->show('59')
#6 C:\xampp\htdocs\dawah\system\CodeIgniter.php(398): CodeIgniter\CodeIgniter->runController(Object(App\Controllers\Academic\ReportsController))
#7 C:\xampp\htdocs\dawah\system\CodeIgniter.php(306): CodeIgniter\CodeIgniter->handleRequest(NULL, Object(Config\Cache), false)
#8 C:\xampp\htdocs\dawah\index.php(45): CodeIgniter\CodeIgniter->run()
#9 {main}
CRITICAL - 2020-11-20 10:45:58 --> Undefined variable: student_atendance_text
#0 C:\xampp\htdocs\dawah\app\Views\backend\dashboard\class_reports\scripts.php(47): CodeIgniter\Debug\Exceptions->errorHandler(8, 'Undefined varia...', 'C:\\xampp\\htdocs...', 47, Array)
#1 C:\xampp\htdocs\dawah\app\Views\backend\index.php(112): include('C:\\xampp\\htdocs...')
#2 C:\xampp\htdocs\dawah\system\View\View.php(236): include('C:\\xampp\\htdocs...')
#3 C:\xampp\htdocs\dawah\system\Common.php(1071): CodeIgniter\View\View->render('backend/index', Array, true)
#4 C:\xampp\htdocs\dawah\app\Controllers\Academic\ReportsController.php(287): view('backend/index', Array)
#5 C:\xampp\htdocs\dawah\system\CodeIgniter.php(910): App\Controllers\Academic\ReportsController->show('59')
#6 C:\xampp\htdocs\dawah\system\CodeIgniter.php(398): CodeIgniter\CodeIgniter->runController(Object(App\Controllers\Academic\ReportsController))
#7 C:\xampp\htdocs\dawah\system\CodeIgniter.php(306): CodeIgniter\CodeIgniter->handleRequest(NULL, Object(Config\Cache), false)
#8 C:\xampp\htdocs\dawah\index.php(45): CodeIgniter\CodeIgniter->run()
#9 {main}
CRITICAL - 2020-11-20 10:46:48 --> Undefined variable: student_atendance_text
#0 C:\xampp\htdocs\dawah\app\Views\backend\dashboard\class_reports\scripts.php(55): CodeIgniter\Debug\Exceptions->errorHandler(8, 'Undefined varia...', 'C:\\xampp\\htdocs...', 55, Array)
#1 C:\xampp\htdocs\dawah\app\Views\backend\index.php(112): include('C:\\xampp\\htdocs...')
#2 C:\xampp\htdocs\dawah\system\View\View.php(236): include('C:\\xampp\\htdocs...')
#3 C:\xampp\htdocs\dawah\system\Common.php(1071): CodeIgniter\View\View->render('backend/index', Array, true)
#4 C:\xampp\htdocs\dawah\app\Controllers\Academic\ReportsController.php(287): view('backend/index', Array)
#5 C:\xampp\htdocs\dawah\system\CodeIgniter.php(910): App\Controllers\Academic\ReportsController->show('59')
#6 C:\xampp\htdocs\dawah\system\CodeIgniter.php(398): CodeIgniter\CodeIgniter->runController(Object(App\Controllers\Academic\ReportsController))
#7 C:\xampp\htdocs\dawah\system\CodeIgniter.php(306): CodeIgniter\CodeIgniter->handleRequest(NULL, Object(Config\Cache), false)
#8 C:\xampp\htdocs\dawah\index.php(45): CodeIgniter\CodeIgniter->run()
#9 {main}
CRITICAL - 2020-11-20 12:25:14 --> Undefined variable: times
#0 C:\xampp\htdocs\dawah\app\Controllers\Academic\ReportsController.php(227): CodeIgniter\Debug\Exceptions->errorHandler(8, 'Undefined varia...', 'C:\\xampp\\htdocs...', 227, Array)
#1 C:\xampp\htdocs\dawah\system\CodeIgniter.php(910): App\Controllers\Academic\ReportsController->show('59')
#2 C:\xampp\htdocs\dawah\system\CodeIgniter.php(398): CodeIgniter\CodeIgniter->runController(Object(App\Controllers\Academic\ReportsController))
#3 C:\xampp\htdocs\dawah\system\CodeIgniter.php(306): CodeIgniter\CodeIgniter->handleRequest(NULL, Object(Config\Cache), false)
#4 C:\xampp\htdocs\dawah\index.php(45): CodeIgniter\CodeIgniter->run()
#5 {main}
CRITICAL - 2020-11-20 12:28:32 --> Undefined variable: report_data
#0 C:\xampp\htdocs\dawah\app\Views\backend\dashboard\class_reports\scripts.php(32): CodeIgniter\Debug\Exceptions->errorHandler(8, 'Undefined varia...', 'C:\\xampp\\htdocs...', 32, Array)
#1 C:\xampp\htdocs\dawah\app\Views\backend\index.php(112): include('C:\\xampp\\htdocs...')
#2 C:\xampp\htdocs\dawah\system\View\View.php(236): include('C:\\xampp\\htdocs...')
#3 C:\xampp\htdocs\dawah\system\Common.php(1071): CodeIgniter\View\View->render('backend/index', Array, true)
#4 C:\xampp\htdocs\dawah\app\Controllers\Academic\ReportsController.php(394): view('backend/index', Array)
#5 C:\xampp\htdocs\dawah\system\CodeIgniter.php(910): App\Controllers\Academic\ReportsController->show_summary('15')
#6 C:\xampp\htdocs\dawah\system\CodeIgniter.php(398): CodeIgniter\CodeIgniter->runController(Object(App\Controllers\Academic\ReportsController))
#7 C:\xampp\htdocs\dawah\system\CodeIgniter.php(306): CodeIgniter\CodeIgniter->handleRequest(NULL, Object(Config\Cache), false)
#8 C:\xampp\htdocs\dawah\index.php(45): CodeIgniter\CodeIgniter->run()
#9 {main}
CRITICAL - 2020-11-20 12:29:39 --> Undefined variable: report_data
#0 C:\xampp\htdocs\dawah\app\Views\backend\dashboard\class_reports\scripts.php(88): CodeIgniter\Debug\Exceptions->errorHandler(8, 'Undefined varia...', 'C:\\xampp\\htdocs...', 88, Array)
#1 C:\xampp\htdocs\dawah\app\Views\backend\index.php(112): include('C:\\xampp\\htdocs...')
#2 C:\xampp\htdocs\dawah\system\View\View.php(236): include('C:\\xampp\\htdocs...')
#3 C:\xampp\htdocs\dawah\system\Common.php(1071): CodeIgniter\View\View->render('backend/index', Array, true)
#4 C:\xampp\htdocs\dawah\app\Controllers\Academic\ReportsController.php(394): view('backend/index', Array)
#5 C:\xampp\htdocs\dawah\system\CodeIgniter.php(910): App\Controllers\Academic\ReportsController->show_summary('15')
#6 C:\xampp\htdocs\dawah\system\CodeIgniter.php(398): CodeIgniter\CodeIgniter->runController(Object(App\Controllers\Academic\ReportsController))
#7 C:\xampp\htdocs\dawah\system\CodeIgniter.php(306): CodeIgniter\CodeIgniter->handleRequest(NULL, Object(Config\Cache), false)
#8 C:\xampp\htdocs\dawah\index.php(45): CodeIgniter\CodeIgniter->run()
#9 {main}
CRITICAL - 2020-11-20 12:30:04 --> Undefined variable: report_data
#0 C:\xampp\htdocs\dawah\app\Views\backend\dashboard\class_reports\scripts.php(94): CodeIgniter\Debug\Exceptions->errorHandler(8, 'Undefined varia...', 'C:\\xampp\\htdocs...', 94, Array)
#1 C:\xampp\htdocs\dawah\app\Views\backend\index.php(112): include('C:\\xampp\\htdocs...')
#2 C:\xampp\htdocs\dawah\system\View\View.php(236): include('C:\\xampp\\htdocs...')
#3 C:\xampp\htdocs\dawah\system\Common.php(1071): CodeIgniter\View\View->render('backend/index', Array, true)
#4 C:\xampp\htdocs\dawah\app\Controllers\Academic\ReportsController.php(394): view('backend/index', Array)
#5 C:\xampp\htdocs\dawah\system\CodeIgniter.php(910): App\Controllers\Academic\ReportsController->show_summary('15')
#6 C:\xampp\htdocs\dawah\system\CodeIgniter.php(398): CodeIgniter\CodeIgniter->runController(Object(App\Controllers\Academic\ReportsController))
#7 C:\xampp\htdocs\dawah\system\CodeIgniter.php(306): CodeIgniter\CodeIgniter->handleRequest(NULL, Object(Config\Cache), false)
#8 C:\xampp\htdocs\dawah\index.php(45): CodeIgniter\CodeIgniter->run()
#9 {main}
CRITICAL - 2020-11-20 12:33:14 --> Undefined variable: attendance_data
#0 C:\xampp\htdocs\dawah\app\Views\backend\dashboard\class_reports\scripts.php(50): CodeIgniter\Debug\Exceptions->errorHandler(8, 'Undefined varia...', 'C:\\xampp\\htdocs...', 50, Array)
#1 C:\xampp\htdocs\dawah\app\Views\backend\index.php(112): include('C:\\xampp\\htdocs...')
#2 C:\xampp\htdocs\dawah\system\View\View.php(236): include('C:\\xampp\\htdocs...')
#3 C:\xampp\htdocs\dawah\system\Common.php(1071): CodeIgniter\View\View->render('backend/index', Array, true)
#4 C:\xampp\htdocs\dawah\app\Controllers\Academic\ReportsController.php(93): view('backend/index', Array)
#5 C:\xampp\htdocs\dawah\system\CodeIgniter.php(910): App\Controllers\Academic\ReportsController->new('16')
#6 C:\xampp\htdocs\dawah\system\CodeIgniter.php(398): CodeIgniter\CodeIgniter->runController(Object(App\Controllers\Academic\ReportsController))
#7 C:\xampp\htdocs\dawah\system\CodeIgniter.php(306): CodeIgniter\CodeIgniter->handleRequest(NULL, Object(Config\Cache), false)
#8 C:\xampp\htdocs\dawah\index.php(45): CodeIgniter\CodeIgniter->run()
#9 {main}
CRITICAL - 2020-11-20 14:54:07 --> syntax error, unexpected '?'
#0 C:\xampp\htdocs\dawah\system\View\View.php(236): include()
#1 C:\xampp\htdocs\dawah\system\Common.php(1071): CodeIgniter\View\View->render('backend/index', Array, true)
#2 C:\xampp\htdocs\dawah\app\Controllers\Academic\ReportsController.php(94): view('backend/index', Array)
#3 C:\xampp\htdocs\dawah\system\CodeIgniter.php(910): App\Controllers\Academic\ReportsController->new('16')
#4 C:\xampp\htdocs\dawah\system\CodeIgniter.php(398): CodeIgniter\CodeIgniter->runController(Object(App\Controllers\Academic\ReportsController))
#5 C:\xampp\htdocs\dawah\system\CodeIgniter.php(306): CodeIgniter\CodeIgniter->handleRequest(NULL, Object(Config\Cache), false)
#6 C:\xampp\htdocs\dawah\index.php(45): CodeIgniter\CodeIgniter->run()
#7 {main}
CRITICAL - 2020-11-20 14:54:48 --> Undefined index: place
#0 C:\xampp\htdocs\dawah\app\Views\backend\dashboard\class_reports\new.php(52): CodeIgniter\Debug\Exceptions->errorHandler(8, 'Undefined index...', 'C:\\xampp\\htdocs...', 52, Array)
#1 C:\xampp\htdocs\dawah\app\Views\backend\index.php(57): include('C:\\xampp\\htdocs...')
#2 C:\xampp\htdocs\dawah\system\View\View.php(236): include('C:\\xampp\\htdocs...')
#3 C:\xampp\htdocs\dawah\system\Common.php(1071): CodeIgniter\View\View->render('backend/index', Array, true)
#4 C:\xampp\htdocs\dawah\app\Controllers\Academic\ReportsController.php(94): view('backend/index', Array)
#5 C:\xampp\htdocs\dawah\system\CodeIgniter.php(910): App\Controllers\Academic\ReportsController->new('16')
#6 C:\xampp\htdocs\dawah\system\CodeIgniter.php(398): CodeIgniter\CodeIgniter->runController(Object(App\Controllers\Academic\ReportsController))
#7 C:\xampp\htdocs\dawah\system\CodeIgniter.php(306): CodeIgniter\CodeIgniter->handleRequest(NULL, Object(Config\Cache), false)
#8 C:\xampp\htdocs\dawah\index.php(45): CodeIgniter\CodeIgniter->run()
#9 {main}
CRITICAL - 2020-11-20 14:55:29 --> Unknown column 'class_place' in 'field list'
#0 C:\xampp\htdocs\dawah\system\Database\MySQLi\Connection.php(330): mysqli->query('INSERT INTO `ac...')
#1 C:\xampp\htdocs\dawah\system\Database\BaseConnection.php(738): CodeIgniter\Database\MySQLi\Connection->execute('INSERT INTO `ac...')
#2 C:\xampp\htdocs\dawah\system\Database\BaseConnection.php(666): CodeIgniter\Database\BaseConnection->simpleQuery('INSERT INTO `ac...')
#3 C:\xampp\htdocs\dawah\system\Database\BaseBuilder.php(2206): CodeIgniter\Database\BaseConnection->query('INSERT INTO `ac...', Array, false)
#4 C:\xampp\htdocs\dawah\system\Model.php(722): CodeIgniter\Database\BaseBuilder->insert()
#5 C:\xampp\htdocs\dawah\system\Model.php(550): CodeIgniter\Model->insert(Array, false)
#6 C:\xampp\htdocs\dawah\app\Controllers\Academic\ReportsController.php(146): CodeIgniter\Model->save(Array)
#7 C:\xampp\htdocs\dawah\system\CodeIgniter.php(910): App\Controllers\Academic\ReportsController->create('16')
#8 C:\xampp\htdocs\dawah\system\CodeIgniter.php(398): CodeIgniter\CodeIgniter->runController(Object(App\Controllers\Academic\ReportsController))
#9 C:\xampp\htdocs\dawah\system\CodeIgniter.php(306): CodeIgniter\CodeIgniter->handleRequest(NULL, Object(Config\Cache), false)
#10 C:\xampp\htdocs\dawah\index.php(45): CodeIgniter\CodeIgniter->run()
#11 {main}
CRITICAL - 2020-11-20 14:57:04 --> Unknown column 'class_place' in 'field list'
#0 C:\xampp\htdocs\dawah\system\Database\MySQLi\Connection.php(330): mysqli->query('INSERT INTO `ac...')
#1 C:\xampp\htdocs\dawah\system\Database\BaseConnection.php(738): CodeIgniter\Database\MySQLi\Connection->execute('INSERT INTO `ac...')
#2 C:\xampp\htdocs\dawah\system\Database\BaseConnection.php(666): CodeIgniter\Database\BaseConnection->simpleQuery('INSERT INTO `ac...')
#3 C:\xampp\htdocs\dawah\system\Database\BaseBuilder.php(2206): CodeIgniter\Database\BaseConnection->query('INSERT INTO `ac...', Array, false)
#4 C:\xampp\htdocs\dawah\system\Model.php(722): CodeIgniter\Database\BaseBuilder->insert()
#5 C:\xampp\htdocs\dawah\system\Model.php(550): CodeIgniter\Model->insert(Array, false)
#6 C:\xampp\htdocs\dawah\app\Controllers\Academic\ReportsController.php(146): CodeIgniter\Model->save(Array)
#7 C:\xampp\htdocs\dawah\system\CodeIgniter.php(910): App\Controllers\Academic\ReportsController->create('16')
#8 C:\xampp\htdocs\dawah\system\CodeIgniter.php(398): CodeIgniter\CodeIgniter->runController(Object(App\Controllers\Academic\ReportsController))
#9 C:\xampp\htdocs\dawah\system\CodeIgniter.php(306): CodeIgniter\CodeIgniter->handleRequest(NULL, Object(Config\Cache), false)
#10 C:\xampp\htdocs\dawah\index.php(45): CodeIgniter\CodeIgniter->run()
#11 {main}
CRITICAL - 2020-11-20 14:58:13 --> Unknown column 'class_place' in 'field list'
#0 C:\xampp\htdocs\dawah\system\Database\MySQLi\Connection.php(330): mysqli->query('INSERT INTO `ac...')
#1 C:\xampp\htdocs\dawah\system\Database\BaseConnection.php(738): CodeIgniter\Database\MySQLi\Connection->execute('INSERT INTO `ac...')
#2 C:\xampp\htdocs\dawah\system\Database\BaseConnection.php(666): CodeIgniter\Database\BaseConnection->simpleQuery('INSERT INTO `ac...')
#3 C:\xampp\htdocs\dawah\system\Database\BaseBuilder.php(2206): CodeIgniter\Database\BaseConnection->query('INSERT INTO `ac...', Array, false)
#4 C:\xampp\htdocs\dawah\system\Model.php(722): CodeIgniter\Database\BaseBuilder->insert()
#5 C:\xampp\htdocs\dawah\system\Model.php(550): CodeIgniter\Model->insert(Array, false)
#6 C:\xampp\htdocs\dawah\app\Controllers\Academic\ReportsController.php(146): CodeIgniter\Model->save(Array)
#7 C:\xampp\htdocs\dawah\system\CodeIgniter.php(910): App\Controllers\Academic\ReportsController->create('16')
#8 C:\xampp\htdocs\dawah\system\CodeIgniter.php(398): CodeIgniter\CodeIgniter->runController(Object(App\Controllers\Academic\ReportsController))
#9 C:\xampp\htdocs\dawah\system\CodeIgniter.php(306): CodeIgniter\CodeIgniter->handleRequest(NULL, Object(Config\Cache), false)
#10 C:\xampp\htdocs\dawah\index.php(45): CodeIgniter\CodeIgniter->run()
#11 {main}
CRITICAL - 2020-11-20 14:58:40 --> Unknown column 'class_place' in 'field list'
#0 C:\xampp\htdocs\dawah\system\Database\MySQLi\Connection.php(330): mysqli->query('INSERT INTO `ac...')
#1 C:\xampp\htdocs\dawah\system\Database\BaseConnection.php(738): CodeIgniter\Database\MySQLi\Connection->execute('INSERT INTO `ac...')
#2 C:\xampp\htdocs\dawah\system\Database\BaseConnection.php(666): CodeIgniter\Database\BaseConnection->simpleQuery('INSERT INTO `ac...')
#3 C:\xampp\htdocs\dawah\system\Database\BaseBuilder.php(2206): CodeIgniter\Database\BaseConnection->query('INSERT INTO `ac...', Array, false)
#4 C:\xampp\htdocs\dawah\system\Model.php(722): CodeIgniter\Database\BaseBuilder->insert()
#5 C:\xampp\htdocs\dawah\system\Model.php(550): CodeIgniter\Model->insert(Array, false)
#6 C:\xampp\htdocs\dawah\app\Controllers\Academic\ReportsController.php(146): CodeIgniter\Model->save(Array)
#7 C:\xampp\htdocs\dawah\system\CodeIgniter.php(910): App\Controllers\Academic\ReportsController->create('16')
#8 C:\xampp\htdocs\dawah\system\CodeIgniter.php(398): CodeIgniter\CodeIgniter->runController(Object(App\Controllers\Academic\ReportsController))
#9 C:\xampp\htdocs\dawah\system\CodeIgniter.php(306): CodeIgniter\CodeIgniter->handleRequest(NULL, Object(Config\Cache), false)
#10 C:\xampp\htdocs\dawah\index.php(45): CodeIgniter\CodeIgniter->run()
#11 {main}
