CRITICAL - 2023-02-11 17:24:30 --> Constant FILTER_SANITIZE_STRING is deprecated
#0 C:\wamp64\www\ahmad\dawah\system\Router\RouteCollection.php(1365): CodeIgniter\Debug\Exceptions->errorHandler(8192, 'Constant FILTER...', 'C:\\wamp64\\www\\a...', 1365)
#1 C:\wamp64\www\ahmad\dawah\system\Router\RouteCollection.php(631): CodeIgniter\Router\RouteCollection->create('*', 'basecontroller(...', Object(Closure), NULL)
#2 C:\wamp64\www\ahmad\dawah\system\Config\Routes.php(53): CodeIgniter\Router\RouteCollection->add('basecontroller(...', Object(Closure))
#3 C:\wamp64\www\ahmad\dawah\app\Config\Routes.php(10): require('C:\\wamp64\\www\\a...')
#4 C:\wamp64\www\ahmad\dawah\system\CodeIgniter.php(772): require('C:\\wamp64\\www\\a...')
#5 C:\wamp64\www\ahmad\dawah\system\CodeIgniter.php(358): CodeIgniter\CodeIgniter->tryToRouteIt(Object(CodeIgniter\Router\RouteCollection))
#6 C:\wamp64\www\ahmad\dawah\system\CodeIgniter.php(306): CodeIgniter\CodeIgniter->handleRequest(NULL, Object(Config\Cache), false)
#7 C:\wamp64\www\ahmad\dawah\index.php(45): CodeIgniter\CodeIgniter->run()
#8 {main}
CRITICAL - 2023-02-11 17:24:30 --> Uncaught ErrorException: Cannot modify header information - headers already sent by (output started at C:\wamp64\www\ahmad\dawah\system\HTTP\IncomingRequest.php:161) in C:\wamp64\www\ahmad\dawah\system\Debug\Exceptions.php:161
Stack trace:
#0 [internal function]: CodeIgniter\Debug\Exceptions->errorHandler(2, 'Cannot modify h...', 'C:\\wamp64\\www\\a...', 161)
#1 C:\wamp64\www\ahmad\dawah\system\Debug\Exceptions.php(161): header('HTTP/1.1 500 In...', true, 500)
#2 [internal function]: CodeIgniter\Debug\Exceptions->exceptionHandler(Object(ErrorException))
#3 {main}
  thrown
#0 [internal function]: CodeIgniter\Debug\Exceptions->shutdownHandler()
#1 {main}
CRITICAL - 2023-02-11 17:24:48 --> Constant FILTER_SANITIZE_STRING is deprecated
#0 C:\wamp64\www\ahmad\dawah\system\Router\RouteCollection.php(1365): CodeIgniter\Debug\Exceptions->errorHandler(8192, 'Constant FILTER...', 'C:\\wamp64\\www\\a...', 1365)
#1 C:\wamp64\www\ahmad\dawah\system\Router\RouteCollection.php(631): CodeIgniter\Router\RouteCollection->create('*', 'basecontroller(...', Object(Closure), NULL)
#2 C:\wamp64\www\ahmad\dawah\system\Config\Routes.php(53): CodeIgniter\Router\RouteCollection->add('basecontroller(...', Object(Closure))
#3 C:\wamp64\www\ahmad\dawah\app\Config\Routes.php(10): require('C:\\wamp64\\www\\a...')
#4 C:\wamp64\www\ahmad\dawah\system\CodeIgniter.php(772): require('C:\\wamp64\\www\\a...')
#5 C:\wamp64\www\ahmad\dawah\system\CodeIgniter.php(358): CodeIgniter\CodeIgniter->tryToRouteIt(Object(CodeIgniter\Router\RouteCollection))
#6 C:\wamp64\www\ahmad\dawah\system\CodeIgniter.php(306): CodeIgniter\CodeIgniter->handleRequest(NULL, Object(Config\Cache), false)
#7 C:\wamp64\www\ahmad\dawah\index.php(45): CodeIgniter\CodeIgniter->run()
#8 {main}
CRITICAL - 2023-02-11 17:24:48 --> Uncaught ErrorException: Cannot modify header information - headers already sent by (output started at C:\wamp64\www\ahmad\dawah\system\HTTP\Request.php:429) in C:\wamp64\www\ahmad\dawah\system\Debug\Exceptions.php:161
Stack trace:
#0 [internal function]: CodeIgniter\Debug\Exceptions->errorHandler(2, 'Cannot modify h...', 'C:\\wamp64\\www\\a...', 161)
#1 C:\wamp64\www\ahmad\dawah\system\Debug\Exceptions.php(161): header('HTTP/1.1 500 In...', true, 500)
#2 [internal function]: CodeIgniter\Debug\Exceptions->exceptionHandler(Object(ErrorException))
#3 {main}
  thrown
#0 [internal function]: CodeIgniter\Debug\Exceptions->shutdownHandler()
#1 {main}
CRITICAL - 2023-02-11 17:29:27 --> Trying to access array offset on value of type null
#0 C:\wamp64\www\ahmad\dawah\app\Controllers\Academic\ReportsController.php(723): CodeIgniter\Debug\Exceptions->errorHandler(8, 'Trying to acces...', 'C:\\wamp64\\www\\a...', 723, Array)
#1 C:\wamp64\www\ahmad\dawah\system\CodeIgniter.php(910): App\Controllers\Academic\ReportsController->export_to_excel()
#2 C:\wamp64\www\ahmad\dawah\system\CodeIgniter.php(398): CodeIgniter\CodeIgniter->runController(Object(App\Controllers\Academic\ReportsController))
#3 C:\wamp64\www\ahmad\dawah\system\CodeIgniter.php(306): CodeIgniter\CodeIgniter->handleRequest(NULL, Object(Config\Cache), false)
#4 C:\wamp64\www\ahmad\dawah\index.php(45): CodeIgniter\CodeIgniter->run()
#5 {main}
CRITICAL - 2023-02-11 17:29:43 --> Trying to access array offset on value of type null
#0 C:\wamp64\www\ahmad\dawah\app\Controllers\Academic\ReportsController.php(723): CodeIgniter\Debug\Exceptions->errorHandler(8, 'Trying to acces...', 'C:\\wamp64\\www\\a...', 723, Array)
#1 C:\wamp64\www\ahmad\dawah\system\CodeIgniter.php(910): App\Controllers\Academic\ReportsController->export_to_excel()
#2 C:\wamp64\www\ahmad\dawah\system\CodeIgniter.php(398): CodeIgniter\CodeIgniter->runController(Object(App\Controllers\Academic\ReportsController))
#3 C:\wamp64\www\ahmad\dawah\system\CodeIgniter.php(306): CodeIgniter\CodeIgniter->handleRequest(NULL, Object(Config\Cache), false)
#4 C:\wamp64\www\ahmad\dawah\index.php(45): CodeIgniter\CodeIgniter->run()
#5 {main}
CRITICAL - 2023-02-11 17:29:54 --> Trying to access array offset on value of type null
#0 C:\wamp64\www\ahmad\dawah\app\Controllers\Academic\ReportsController.php(723): CodeIgniter\Debug\Exceptions->errorHandler(8, 'Trying to acces...', 'C:\\wamp64\\www\\a...', 723, Array)
#1 C:\wamp64\www\ahmad\dawah\system\CodeIgniter.php(910): App\Controllers\Academic\ReportsController->export_to_excel()
#2 C:\wamp64\www\ahmad\dawah\system\CodeIgniter.php(398): CodeIgniter\CodeIgniter->runController(Object(App\Controllers\Academic\ReportsController))
#3 C:\wamp64\www\ahmad\dawah\system\CodeIgniter.php(306): CodeIgniter\CodeIgniter->handleRequest(NULL, Object(Config\Cache), false)
#4 C:\wamp64\www\ahmad\dawah\index.php(45): CodeIgniter\CodeIgniter->run()
#5 {main}
