CRITICAL - 2020-04-24 15:37:43 --> Undefined variable: course_id
#0 C:\xampp\htdocs\dawah\app\Views\backend\dashboard\achievements_parents\scripts.php(70): CodeIgniter\Debug\Exceptions->errorHandler(8, 'Undefined varia...', 'C:\\xampp\\htdocs...', 70, Array)
#1 C:\xampp\htdocs\dawah\app\Views\backend\index.php(93): include('C:\\xampp\\htdocs...')
#2 C:\xampp\htdocs\dawah\system\View\View.php(236): include('C:\\xampp\\htdocs...')
#3 C:\xampp\htdocs\dawah\system\Common.php(1071): CodeIgniter\View\View->render('backend/index', Array, true)
#4 C:\xampp\htdocs\dawah\app\Controllers\Academic\AchievementsParentsController.php(19): view('backend/index', Array)
#5 C:\xampp\htdocs\dawah\system\CodeIgniter.php(910): App\Controllers\Academic\AchievementsParentsController->index()
#6 C:\xampp\htdocs\dawah\system\CodeIgniter.php(398): CodeIgniter\CodeIgniter->runController(Object(App\Controllers\Academic\AchievementsParentsController))
#7 C:\xampp\htdocs\dawah\system\CodeIgniter.php(306): CodeIgniter\CodeIgniter->handleRequest(NULL, Object(Config\Cache), false)
#8 C:\xampp\htdocs\dawah\index.php(45): CodeIgniter\CodeIgniter->run()
#9 {main}
CRITICAL - 2020-04-24 18:21:46 --> Unknown column 'created_at' in 'field list'
#0 C:\xampp\htdocs\dawah\system\Database\MySQLi\Connection.php(330): mysqli->query('INSERT INTO `ac...')
#1 C:\xampp\htdocs\dawah\system\Database\BaseConnection.php(738): CodeIgniter\Database\MySQLi\Connection->execute('INSERT INTO `ac...')
#2 C:\xampp\htdocs\dawah\system\Database\BaseConnection.php(666): CodeIgniter\Database\BaseConnection->simpleQuery('INSERT INTO `ac...')
#3 C:\xampp\htdocs\dawah\system\Database\BaseBuilder.php(2206): CodeIgniter\Database\BaseConnection->query('INSERT INTO `ac...', Array, false)
#4 C:\xampp\htdocs\dawah\system\Model.php(722): CodeIgniter\Database\BaseBuilder->insert()
#5 C:\xampp\htdocs\dawah\system\Model.php(550): CodeIgniter\Model->insert(Array, false)
#6 C:\xampp\htdocs\dawah\app\Controllers\Academic\AchievementsParentsController.php(43): CodeIgniter\Model->save(Array)
#7 C:\xampp\htdocs\dawah\system\CodeIgniter.php(910): App\Controllers\Academic\AchievementsParentsController->create()
#8 C:\xampp\htdocs\dawah\system\CodeIgniter.php(398): CodeIgniter\CodeIgniter->runController(Object(App\Controllers\Academic\AchievementsParentsController))
#9 C:\xampp\htdocs\dawah\system\CodeIgniter.php(306): CodeIgniter\CodeIgniter->handleRequest(NULL, Object(Config\Cache), false)
#10 C:\xampp\htdocs\dawah\index.php(45): CodeIgniter\CodeIgniter->run()
#11 {main}
CRITICAL - 2020-04-24 18:45:18 --> Declaration of App\Controllers\Academic\AchievementsParentsController::edit($id) should be compatible with CodeIgniter\RESTful\ResourceController::edit($id = NULL)
#0 C:\xampp\htdocs\dawah\app\Controllers\Academic\AchievementsParentsController.php(8): CodeIgniter\Debug\Exceptions->errorHandler(2, 'Declaration of ...', 'C:\\xampp\\htdocs...', 95, Array)
#1 C:\xampp\htdocs\dawah\system\Autoloader\Autoloader.php(365): require_once('C:\\xampp\\htdocs...')
#2 C:\xampp\htdocs\dawah\system\Autoloader\Autoloader.php(296): CodeIgniter\Autoloader\Autoloader->requireFile('C:\\xampp\\htdocs...')
#3 C:\xampp\htdocs\dawah\system\Autoloader\Autoloader.php(258): CodeIgniter\Autoloader\Autoloader->loadInNamespace('App\\Controllers...')
#4 [internal function]: CodeIgniter\Autoloader\Autoloader->loadClass('App\\Controllers...')
#5 [internal function]: spl_autoload_call('App\\Controllers...')
#6 C:\xampp\htdocs\dawah\system\CodeIgniter.php(861): class_exists('\\App\\Controller...', true)
#7 C:\xampp\htdocs\dawah\system\CodeIgniter.php(388): CodeIgniter\CodeIgniter->startController()
#8 C:\xampp\htdocs\dawah\system\CodeIgniter.php(306): CodeIgniter\CodeIgniter->handleRequest(NULL, Object(Config\Cache), false)
#9 C:\xampp\htdocs\dawah\index.php(45): CodeIgniter\CodeIgniter->run()
#10 {main}
CRITICAL - 2020-04-24 18:46:12 --> Undefined variable: achievementParent
#0 C:\xampp\htdocs\dawah\app\Controllers\Academic\AchievementsParentsController.php(90): CodeIgniter\Debug\Exceptions->errorHandler(8, 'Undefined varia...', 'C:\\xampp\\htdocs...', 90, Array)
#1 C:\xampp\htdocs\dawah\system\CodeIgniter.php(910): App\Controllers\Academic\AchievementsParentsController->delete('1')
#2 C:\xampp\htdocs\dawah\system\CodeIgniter.php(398): CodeIgniter\CodeIgniter->runController(Object(App\Controllers\Academic\AchievementsParentsController))
#3 C:\xampp\htdocs\dawah\system\CodeIgniter.php(306): CodeIgniter\CodeIgniter->handleRequest(NULL, Object(Config\Cache), false)
#4 C:\xampp\htdocs\dawah\index.php(45): CodeIgniter\CodeIgniter->run()
#5 {main}
CRITICAL - 2020-04-24 18:47:13 --> Undefined variable: achievementParent
#0 C:\xampp\htdocs\dawah\app\Controllers\Academic\AchievementsParentsController.php(90): CodeIgniter\Debug\Exceptions->errorHandler(8, 'Undefined varia...', 'C:\\xampp\\htdocs...', 90, Array)
#1 C:\xampp\htdocs\dawah\system\CodeIgniter.php(910): App\Controllers\Academic\AchievementsParentsController->delete('1')
#2 C:\xampp\htdocs\dawah\system\CodeIgniter.php(398): CodeIgniter\CodeIgniter->runController(Object(App\Controllers\Academic\AchievementsParentsController))
#3 C:\xampp\htdocs\dawah\system\CodeIgniter.php(306): CodeIgniter\CodeIgniter->handleRequest(NULL, Object(Config\Cache), false)
#4 C:\xampp\htdocs\dawah\index.php(45): CodeIgniter\CodeIgniter->run()
#5 {main}
CRITICAL - 2020-04-24 18:57:06 --> Unknown column 'course_id' in 'where clause'
#0 C:\xampp\htdocs\dawah\system\Database\MySQLi\Connection.php(330): mysqli->query('SELECT *\nFROM `...')
#1 C:\xampp\htdocs\dawah\system\Database\BaseConnection.php(738): CodeIgniter\Database\MySQLi\Connection->execute('SELECT *\nFROM `...')
#2 C:\xampp\htdocs\dawah\system\Database\BaseConnection.php(666): CodeIgniter\Database\BaseConnection->simpleQuery('SELECT *\nFROM `...')
#3 C:\xampp\htdocs\dawah\system\Database\BaseBuilder.php(1819): CodeIgniter\Database\BaseConnection->query('SELECT *\nFROM `...', Array, false)
#4 C:\xampp\htdocs\dawah\system\Model.php(445): CodeIgniter\Database\BaseBuilder->get()
#5 C:\xampp\htdocs\dawah\app\Controllers\Academic\AchievementsController.php(112): CodeIgniter\Model->findAll()
#6 C:\xampp\htdocs\dawah\system\CodeIgniter.php(910): App\Controllers\Academic\AchievementsController->dataTable()
#7 C:\xampp\htdocs\dawah\system\CodeIgniter.php(398): CodeIgniter\CodeIgniter->runController(Object(App\Controllers\Academic\AchievementsController))
#8 C:\xampp\htdocs\dawah\system\CodeIgniter.php(306): CodeIgniter\CodeIgniter->handleRequest(NULL, Object(Config\Cache), false)
#9 C:\xampp\htdocs\dawah\index.php(45): CodeIgniter\CodeIgniter->run()
#10 {main}
