CRITICAL - 2020-06-08 11:09:05 --> Undefined variable: cur_students_count
#0 C:\xampp\htdocs\dawah\app\Views\backend\dashboard\achievements_categories\index.php(17): CodeIgniter\Debug\Exceptions->errorHandler(8, 'Undefined varia...', 'C:\\xampp\\htdocs...', 17, Array)
#1 C:\xampp\htdocs\dawah\app\Views\backend\index.php(49): include('C:\\xampp\\htdocs...')
#2 C:\xampp\htdocs\dawah\system\View\View.php(236): include('C:\\xampp\\htdocs...')
#3 C:\xampp\htdocs\dawah\system\Common.php(1071): CodeIgniter\View\View->render('backend/index', Array, true)
#4 C:\xampp\htdocs\dawah\app\Controllers\Academic\AchievementsCategoriesController.php(24): view('backend/index', Array)
#5 C:\xampp\htdocs\dawah\system\CodeIgniter.php(910): App\Controllers\Academic\AchievementsCategoriesController->index()
#6 C:\xampp\htdocs\dawah\system\CodeIgniter.php(398): CodeIgniter\CodeIgniter->runController(Object(App\Controllers\Academic\AchievementsCategoriesController))
#7 C:\xampp\htdocs\dawah\system\CodeIgniter.php(306): CodeIgniter\CodeIgniter->handleRequest(NULL, Object(Config\Cache), false)
#8 C:\xampp\htdocs\dawah\index.php(45): CodeIgniter\CodeIgniter->run()
#9 {main}
CRITICAL - 2020-06-08 17:26:30 --> Class 'App\Controllers\AchievementCategoryModel' not found
#0 C:\xampp\htdocs\dawah\app\Controllers\UsersController.php(45): App\Controllers\UsersController->get_user_achievements('108')
#1 C:\xampp\htdocs\dawah\system\CodeIgniter.php(910): App\Controllers\UsersController->show('108')
#2 C:\xampp\htdocs\dawah\system\CodeIgniter.php(398): CodeIgniter\CodeIgniter->runController(Object(App\Controllers\UsersController))
#3 C:\xampp\htdocs\dawah\system\CodeIgniter.php(306): CodeIgniter\CodeIgniter->handleRequest(NULL, Object(Config\Cache), false)
#4 C:\xampp\htdocs\dawah\index.php(45): CodeIgniter\CodeIgniter->run()
#5 {main}
CRITICAL - 2020-06-08 17:26:44 --> Undefined variable: achiev
#0 C:\xampp\htdocs\dawah\app\Controllers\UsersController.php(338): CodeIgniter\Debug\Exceptions->errorHandler(8, 'Undefined varia...', 'C:\\xampp\\htdocs...', 338, Array)
#1 C:\xampp\htdocs\dawah\app\Controllers\UsersController.php(45): App\Controllers\UsersController->get_user_achievements('108')
#2 C:\xampp\htdocs\dawah\system\CodeIgniter.php(910): App\Controllers\UsersController->show('108')
#3 C:\xampp\htdocs\dawah\system\CodeIgniter.php(398): CodeIgniter\CodeIgniter->runController(Object(App\Controllers\UsersController))
#4 C:\xampp\htdocs\dawah\system\CodeIgniter.php(306): CodeIgniter\CodeIgniter->handleRequest(NULL, Object(Config\Cache), false)
#5 C:\xampp\htdocs\dawah\index.php(45): CodeIgniter\CodeIgniter->run()
#6 {main}
CRITICAL - 2020-06-08 17:49:49 --> Class 'App\Models\Academic\AchievementHeaderModel' not found
#0 C:\xampp\htdocs\dawah\app\Controllers\UsersController.php(46): App\Controllers\UsersController->get_user_achievements('108')
#1 C:\xampp\htdocs\dawah\system\CodeIgniter.php(910): App\Controllers\UsersController->show('108')
#2 C:\xampp\htdocs\dawah\system\CodeIgniter.php(398): CodeIgniter\CodeIgniter->runController(Object(App\Controllers\UsersController))
#3 C:\xampp\htdocs\dawah\system\CodeIgniter.php(306): CodeIgniter\CodeIgniter->handleRequest(NULL, Object(Config\Cache), false)
#4 C:\xampp\htdocs\dawah\index.php(45): CodeIgniter\CodeIgniter->run()
#5 {main}
CRITICAL - 2020-06-08 17:51:13 --> Class 'App\Models\Academic\AchievementHeaderModel' not found
#0 C:\xampp\htdocs\dawah\app\Controllers\UsersController.php(46): App\Controllers\UsersController->get_user_achievements('108')
#1 C:\xampp\htdocs\dawah\system\CodeIgniter.php(910): App\Controllers\UsersController->show('108')
#2 C:\xampp\htdocs\dawah\system\CodeIgniter.php(398): CodeIgniter\CodeIgniter->runController(Object(App\Controllers\UsersController))
#3 C:\xampp\htdocs\dawah\system\CodeIgniter.php(306): CodeIgniter\CodeIgniter->handleRequest(NULL, Object(Config\Cache), false)
#4 C:\xampp\htdocs\dawah\index.php(45): CodeIgniter\CodeIgniter->run()
#5 {main}
CRITICAL - 2020-06-08 17:51:16 --> Class 'App\Models\Academic\AchievementHeaderModel' not found
#0 C:\xampp\htdocs\dawah\app\Controllers\UsersController.php(46): App\Controllers\UsersController->get_user_achievements('108')
#1 C:\xampp\htdocs\dawah\system\CodeIgniter.php(910): App\Controllers\UsersController->show('108')
#2 C:\xampp\htdocs\dawah\system\CodeIgniter.php(398): CodeIgniter\CodeIgniter->runController(Object(App\Controllers\UsersController))
#3 C:\xampp\htdocs\dawah\system\CodeIgniter.php(306): CodeIgniter\CodeIgniter->handleRequest(NULL, Object(Config\Cache), false)
#4 C:\xampp\htdocs\dawah\index.php(45): CodeIgniter\CodeIgniter->run()
#5 {main}
CRITICAL - 2020-06-08 17:51:41 --> Invalid argument supplied for foreach()
#0 C:\xampp\htdocs\dawah\app\Controllers\UsersController.php(341): CodeIgniter\Debug\Exceptions->errorHandler(2, 'Invalid argumen...', 'C:\\xampp\\htdocs...', 341, Array)
#1 C:\xampp\htdocs\dawah\app\Controllers\UsersController.php(46): App\Controllers\UsersController->get_user_achievements('108')
#2 C:\xampp\htdocs\dawah\system\CodeIgniter.php(910): App\Controllers\UsersController->show('108')
#3 C:\xampp\htdocs\dawah\system\CodeIgniter.php(398): CodeIgniter\CodeIgniter->runController(Object(App\Controllers\UsersController))
#4 C:\xampp\htdocs\dawah\system\CodeIgniter.php(306): CodeIgniter\CodeIgniter->handleRequest(NULL, Object(Config\Cache), false)
#5 C:\xampp\htdocs\dawah\index.php(45): CodeIgniter\CodeIgniter->run()
#6 {main}
CRITICAL - 2020-06-08 17:52:20 --> Undefined index: status
#0 C:\xampp\htdocs\dawah\app\Views\backend\dashboard\users\show.php(9): CodeIgniter\Debug\Exceptions->errorHandler(8, 'Undefined index...', 'C:\\xampp\\htdocs...', 9, Array)
#1 C:\xampp\htdocs\dawah\app\Views\backend\index.php(49): include('C:\\xampp\\htdocs...')
#2 C:\xampp\htdocs\dawah\system\View\View.php(236): include('C:\\xampp\\htdocs...')
#3 C:\xampp\htdocs\dawah\system\Common.php(1071): CodeIgniter\View\View->render('backend/index', Array, true)
#4 C:\xampp\htdocs\dawah\app\Controllers\UsersController.php(48): view('backend/index', Array)
#5 C:\xampp\htdocs\dawah\system\CodeIgniter.php(910): App\Controllers\UsersController->show('108')
#6 C:\xampp\htdocs\dawah\system\CodeIgniter.php(398): CodeIgniter\CodeIgniter->runController(Object(App\Controllers\UsersController))
#7 C:\xampp\htdocs\dawah\system\CodeIgniter.php(306): CodeIgniter\CodeIgniter->handleRequest(NULL, Object(Config\Cache), false)
#8 C:\xampp\htdocs\dawah\index.php(45): CodeIgniter\CodeIgniter->run()
#9 {main}
CRITICAL - 2020-06-08 19:53:05 --> syntax error, unexpected 'echo' (T_ECHO), expecting ';' or ','
#0 C:\xampp\htdocs\dawah\system\View\View.php(236): include()
#1 C:\xampp\htdocs\dawah\system\Common.php(1071): CodeIgniter\View\View->render('backend/index', Array, true)
#2 C:\xampp\htdocs\dawah\app\Controllers\UsersController.php(48): view('backend/index', Array)
#3 C:\xampp\htdocs\dawah\system\CodeIgniter.php(910): App\Controllers\UsersController->show('108')
#4 C:\xampp\htdocs\dawah\system\CodeIgniter.php(398): CodeIgniter\CodeIgniter->runController(Object(App\Controllers\UsersController))
#5 C:\xampp\htdocs\dawah\system\CodeIgniter.php(306): CodeIgniter\CodeIgniter->handleRequest(NULL, Object(Config\Cache), false)
#6 C:\xampp\htdocs\dawah\index.php(45): CodeIgniter\CodeIgniter->run()
#7 {main}
CRITICAL - 2020-06-08 20:17:57 --> Undefined index: header_id
#0 C:\xampp\htdocs\dawah\app\Views\backend\dashboard\users\show.php(34): CodeIgniter\Debug\Exceptions->errorHandler(8, 'Undefined index...', 'C:\\xampp\\htdocs...', 34, Array)
#1 C:\xampp\htdocs\dawah\app\Views\backend\index.php(49): include('C:\\xampp\\htdocs...')
#2 C:\xampp\htdocs\dawah\system\View\View.php(236): include('C:\\xampp\\htdocs...')
#3 C:\xampp\htdocs\dawah\system\Common.php(1071): CodeIgniter\View\View->render('backend/index', Array, true)
#4 C:\xampp\htdocs\dawah\app\Controllers\UsersController.php(48): view('backend/index', Array)
#5 C:\xampp\htdocs\dawah\system\CodeIgniter.php(910): App\Controllers\UsersController->show('108')
#6 C:\xampp\htdocs\dawah\system\CodeIgniter.php(398): CodeIgniter\CodeIgniter->runController(Object(App\Controllers\UsersController))
#7 C:\xampp\htdocs\dawah\system\CodeIgniter.php(306): CodeIgniter\CodeIgniter->handleRequest(NULL, Object(Config\Cache), false)
#8 C:\xampp\htdocs\dawah\index.php(45): CodeIgniter\CodeIgniter->run()
#9 {main}
CRITICAL - 2020-06-08 20:35:38 --> Undefined variable: headers_ids
#0 C:\xampp\htdocs\dawah\app\Views\backend\dashboard\users\show.php(24): CodeIgniter\Debug\Exceptions->errorHandler(8, 'Undefined varia...', 'C:\\xampp\\htdocs...', 24, Array)
#1 C:\xampp\htdocs\dawah\app\Views\backend\index.php(49): include('C:\\xampp\\htdocs...')
#2 C:\xampp\htdocs\dawah\system\View\View.php(236): include('C:\\xampp\\htdocs...')
#3 C:\xampp\htdocs\dawah\system\Common.php(1071): CodeIgniter\View\View->render('backend/index', Array, true)
#4 C:\xampp\htdocs\dawah\app\Controllers\UsersController.php(48): view('backend/index', Array)
#5 C:\xampp\htdocs\dawah\system\CodeIgniter.php(910): App\Controllers\UsersController->show('108')
#6 C:\xampp\htdocs\dawah\system\CodeIgniter.php(398): CodeIgniter\CodeIgniter->runController(Object(App\Controllers\UsersController))
#7 C:\xampp\htdocs\dawah\system\CodeIgniter.php(306): CodeIgniter\CodeIgniter->handleRequest(NULL, Object(Config\Cache), false)
#8 C:\xampp\htdocs\dawah\index.php(45): CodeIgniter\CodeIgniter->run()
#9 {main}
