CRITICAL - 2020-06-30 10:31:50 --> Undefined variable: course_id
#0 C:\xampp\htdocs\dawah\app\Views\backend\dashboard\lessons\scripts.php(8): CodeIgniter\Debug\Exceptions->errorHandler(8, 'Undefined varia...', 'C:\\xampp\\htdocs...', 8, Array)
#1 C:\xampp\htdocs\dawah\app\Views\backend\index.php(102): include('C:\\xampp\\htdocs...')
#2 C:\xampp\htdocs\dawah\system\View\View.php(236): include('C:\\xampp\\htdocs...')
#3 C:\xampp\htdocs\dawah\system\Common.php(1071): CodeIgniter\View\View->render('backend/index', Array, true)
#4 C:\xampp\htdocs\dawah\app\Controllers\Academic\LessonsController.php(20): view('backend/index', Array)
#5 C:\xampp\htdocs\dawah\system\CodeIgniter.php(910): App\Controllers\Academic\LessonsController->index('11')
#6 C:\xampp\htdocs\dawah\system\CodeIgniter.php(398): CodeIgniter\CodeIgniter->runController(Object(App\Controllers\Academic\LessonsController))
#7 C:\xampp\htdocs\dawah\system\CodeIgniter.php(306): CodeIgniter\CodeIgniter->handleRequest(NULL, Object(Config\Cache), false)
#8 C:\xampp\htdocs\dawah\index.php(45): CodeIgniter\CodeIgniter->run()
#9 {main}
CRITICAL - 2020-06-30 10:32:29 --> Undefined variable: course_id
#0 C:\xampp\htdocs\dawah\app\Views\backend\dashboard\lessons\scripts.php(70): CodeIgniter\Debug\Exceptions->errorHandler(8, 'Undefined varia...', 'C:\\xampp\\htdocs...', 70, Array)
#1 C:\xampp\htdocs\dawah\app\Views\backend\index.php(102): include('C:\\xampp\\htdocs...')
#2 C:\xampp\htdocs\dawah\system\View\View.php(236): include('C:\\xampp\\htdocs...')
#3 C:\xampp\htdocs\dawah\system\Common.php(1071): CodeIgniter\View\View->render('backend/index', Array, true)
#4 C:\xampp\htdocs\dawah\app\Controllers\Academic\LessonsController.php(20): view('backend/index', Array)
#5 C:\xampp\htdocs\dawah\system\CodeIgniter.php(910): App\Controllers\Academic\LessonsController->index('11')
#6 C:\xampp\htdocs\dawah\system\CodeIgniter.php(398): CodeIgniter\CodeIgniter->runController(Object(App\Controllers\Academic\LessonsController))
#7 C:\xampp\htdocs\dawah\system\CodeIgniter.php(306): CodeIgniter\CodeIgniter->handleRequest(NULL, Object(Config\Cache), false)
#8 C:\xampp\htdocs\dawah\index.php(45): CodeIgniter\CodeIgniter->run()
#9 {main}
CRITICAL - 2020-06-30 10:37:50 --> Class 'App\Controllers\Academic\SectionModdel' not found
#0 C:\xampp\htdocs\dawah\system\CodeIgniter.php(910): App\Controllers\Academic\LessonsController->index('11')
#1 C:\xampp\htdocs\dawah\system\CodeIgniter.php(398): CodeIgniter\CodeIgniter->runController(Object(App\Controllers\Academic\LessonsController))
#2 C:\xampp\htdocs\dawah\system\CodeIgniter.php(306): CodeIgniter\CodeIgniter->handleRequest(NULL, Object(Config\Cache), false)
#3 C:\xampp\htdocs\dawah\index.php(45): CodeIgniter\CodeIgniter->run()
#4 {main}
CRITICAL - 2020-06-30 10:37:59 --> Undefined variable: sections
#0 C:\xampp\htdocs\dawah\app\Views\backend\dashboard\lessons\index.php(40): CodeIgniter\Debug\Exceptions->errorHandler(8, 'Undefined varia...', 'C:\\xampp\\htdocs...', 40, Array)
#1 C:\xampp\htdocs\dawah\app\Views\backend\index.php(50): include('C:\\xampp\\htdocs...')
#2 C:\xampp\htdocs\dawah\system\View\View.php(236): include('C:\\xampp\\htdocs...')
#3 C:\xampp\htdocs\dawah\system\Common.php(1071): CodeIgniter\View\View->render('backend/index', Array, true)
#4 C:\xampp\htdocs\dawah\app\Controllers\Academic\LessonsController.php(25): view('backend/index', Array)
#5 C:\xampp\htdocs\dawah\system\CodeIgniter.php(910): App\Controllers\Academic\LessonsController->index('11')
#6 C:\xampp\htdocs\dawah\system\CodeIgniter.php(398): CodeIgniter\CodeIgniter->runController(Object(App\Controllers\Academic\LessonsController))
#7 C:\xampp\htdocs\dawah\system\CodeIgniter.php(306): CodeIgniter\CodeIgniter->handleRequest(NULL, Object(Config\Cache), false)
#8 C:\xampp\htdocs\dawah\index.php(45): CodeIgniter\CodeIgniter->run()
#9 {main}
CRITICAL - 2020-06-30 14:55:37 --> syntax error, unexpected ')', expecting ']'
#0 C:\xampp\htdocs\dawah\system\Router\Router.php(192): CodeIgniter\Router\Router->autoRoute('Academic/Sectio...')
#1 C:\xampp\htdocs\dawah\system\CodeIgniter.php(785): CodeIgniter\Router\Router->handle('Academic/Sectio...')
#2 C:\xampp\htdocs\dawah\system\CodeIgniter.php(358): CodeIgniter\CodeIgniter->tryToRouteIt(Object(CodeIgniter\Router\RouteCollection))
#3 C:\xampp\htdocs\dawah\system\CodeIgniter.php(306): CodeIgniter\CodeIgniter->handleRequest(NULL, Object(Config\Cache), false)
#4 C:\xampp\htdocs\dawah\index.php(45): CodeIgniter\CodeIgniter->run()
#5 {main}
CRITICAL - 2020-06-30 15:05:49 --> Undefined variable: sectionnModel
#0 C:\xampp\htdocs\dawah\app\Controllers\Academic\SectionsController.php(93): CodeIgniter\Debug\Exceptions->errorHandler(8, 'Undefined varia...', 'C:\\xampp\\htdocs...', 93, Array)
#1 C:\xampp\htdocs\dawah\system\CodeIgniter.php(910): App\Controllers\Academic\SectionsController->getData('1')
#2 C:\xampp\htdocs\dawah\system\CodeIgniter.php(398): CodeIgniter\CodeIgniter->runController(Object(App\Controllers\Academic\SectionsController))
#3 C:\xampp\htdocs\dawah\system\CodeIgniter.php(306): CodeIgniter\CodeIgniter->handleRequest(NULL, Object(Config\Cache), false)
#4 C:\xampp\htdocs\dawah\index.php(45): CodeIgniter\CodeIgniter->run()
#5 {main}
CRITICAL - 2020-06-30 15:06:33 --> Undefined variable: sectionnModel
#0 C:\xampp\htdocs\dawah\app\Controllers\Academic\SectionsController.php(93): CodeIgniter\Debug\Exceptions->errorHandler(8, 'Undefined varia...', 'C:\\xampp\\htdocs...', 93, Array)
#1 C:\xampp\htdocs\dawah\system\CodeIgniter.php(910): App\Controllers\Academic\SectionsController->getData('1')
#2 C:\xampp\htdocs\dawah\system\CodeIgniter.php(398): CodeIgniter\CodeIgniter->runController(Object(App\Controllers\Academic\SectionsController))
#3 C:\xampp\htdocs\dawah\system\CodeIgniter.php(306): CodeIgniter\CodeIgniter->handleRequest(NULL, Object(Config\Cache), false)
#4 C:\xampp\htdocs\dawah\index.php(45): CodeIgniter\CodeIgniter->run()
#5 {main}
CRITICAL - 2020-06-30 15:07:58 --> Undefined variable: lessonModel
#0 C:\xampp\htdocs\dawah\app\Controllers\Academic\SectionsController.php(67): CodeIgniter\Debug\Exceptions->errorHandler(8, 'Undefined varia...', 'C:\\xampp\\htdocs...', 67, Array)
#1 C:\xampp\htdocs\dawah\system\CodeIgniter.php(910): App\Controllers\Academic\SectionsController->update('1', '10')
#2 C:\xampp\htdocs\dawah\system\CodeIgniter.php(398): CodeIgniter\CodeIgniter->runController(Object(App\Controllers\Academic\SectionsController))
#3 C:\xampp\htdocs\dawah\system\CodeIgniter.php(306): CodeIgniter\CodeIgniter->handleRequest(NULL, Object(Config\Cache), false)
#4 C:\xampp\htdocs\dawah\index.php(45): CodeIgniter\CodeIgniter->run()
#5 {main}
CRITICAL - 2020-06-30 18:56:05 --> Unknown column 'course_id' in 'where clause'
#0 C:\xampp\htdocs\dawah\system\Database\MySQLi\Connection.php(330): mysqli->query('SELECT *\nFROM `...')
#1 C:\xampp\htdocs\dawah\system\Database\BaseConnection.php(738): CodeIgniter\Database\MySQLi\Connection->execute('SELECT *\nFROM `...')
#2 C:\xampp\htdocs\dawah\system\Database\BaseConnection.php(666): CodeIgniter\Database\BaseConnection->simpleQuery('SELECT *\nFROM `...')
#3 C:\xampp\htdocs\dawah\system\Database\BaseBuilder.php(1819): CodeIgniter\Database\BaseConnection->query('SELECT *\nFROM `...', Array, false)
#4 C:\xampp\htdocs\dawah\system\Model.php(445): CodeIgniter\Database\BaseBuilder->get()
#5 C:\xampp\htdocs\dawah\app\Controllers\Academic\ReportsController.php(107): CodeIgniter\Model->findAll()
#6 C:\xampp\htdocs\dawah\system\CodeIgniter.php(910): App\Controllers\Academic\ReportsController->new('16')
#7 C:\xampp\htdocs\dawah\system\CodeIgniter.php(398): CodeIgniter\CodeIgniter->runController(Object(App\Controllers\Academic\ReportsController))
#8 C:\xampp\htdocs\dawah\system\CodeIgniter.php(306): CodeIgniter\CodeIgniter->handleRequest(NULL, Object(Config\Cache), false)
#9 C:\xampp\htdocs\dawah\index.php(45): CodeIgniter\CodeIgniter->run()
#10 {main}
CRITICAL - 2020-06-30 20:16:49 --> Unknown column 'course_id' in 'where clause'
#0 C:\xampp\htdocs\dawah\system\Database\MySQLi\Connection.php(330): mysqli->query('SELECT *\nFROM `...')
#1 C:\xampp\htdocs\dawah\system\Database\BaseConnection.php(738): CodeIgniter\Database\MySQLi\Connection->execute('SELECT *\nFROM `...')
#2 C:\xampp\htdocs\dawah\system\Database\BaseConnection.php(666): CodeIgniter\Database\BaseConnection->simpleQuery('SELECT *\nFROM `...')
#3 C:\xampp\htdocs\dawah\system\Database\BaseBuilder.php(1819): CodeIgniter\Database\BaseConnection->query('SELECT *\nFROM `...', Array, false)
#4 C:\xampp\htdocs\dawah\system\Model.php(445): CodeIgniter\Database\BaseBuilder->get()
#5 C:\xampp\htdocs\dawah\app\Controllers\Academic\ReportsController.php(108): CodeIgniter\Model->findAll()
#6 C:\xampp\htdocs\dawah\system\CodeIgniter.php(910): App\Controllers\Academic\ReportsController->new('16')
#7 C:\xampp\htdocs\dawah\system\CodeIgniter.php(398): CodeIgniter\CodeIgniter->runController(Object(App\Controllers\Academic\ReportsController))
#8 C:\xampp\htdocs\dawah\system\CodeIgniter.php(306): CodeIgniter\CodeIgniter->handleRequest(NULL, Object(Config\Cache), false)
#9 C:\xampp\htdocs\dawah\index.php(45): CodeIgniter\CodeIgniter->run()
#10 {main}
CRITICAL - 2020-06-30 20:19:03 --> Undefined variable: course_id
#0 C:\xampp\htdocs\dawah\app\Controllers\CoursesController.php(104): CodeIgniter\Debug\Exceptions->errorHandler(8, 'Undefined varia...', 'C:\\xampp\\htdocs...', 104, Array)
#1 C:\xampp\htdocs\dawah\system\CodeIgniter.php(910): App\Controllers\CoursesController->show('11')
#2 C:\xampp\htdocs\dawah\system\CodeIgniter.php(398): CodeIgniter\CodeIgniter->runController(Object(App\Controllers\CoursesController))
#3 C:\xampp\htdocs\dawah\system\CodeIgniter.php(306): CodeIgniter\CodeIgniter->handleRequest(NULL, Object(Config\Cache), false)
#4 C:\xampp\htdocs\dawah\index.php(45): CodeIgniter\CodeIgniter->run()
#5 {main}
CRITICAL - 2020-06-30 20:19:26 --> Class 'App\Controllers\LessonModel' not found
#0 C:\xampp\htdocs\dawah\system\CodeIgniter.php(910): App\Controllers\CoursesController->show('11')
#1 C:\xampp\htdocs\dawah\system\CodeIgniter.php(398): CodeIgniter\CodeIgniter->runController(Object(App\Controllers\CoursesController))
#2 C:\xampp\htdocs\dawah\system\CodeIgniter.php(306): CodeIgniter\CodeIgniter->handleRequest(NULL, Object(Config\Cache), false)
#3 C:\xampp\htdocs\dawah\index.php(45): CodeIgniter\CodeIgniter->run()
#4 {main}
CRITICAL - 2020-06-30 20:19:40 --> Undefined variable: course_id
#0 C:\xampp\htdocs\dawah\app\Views\backend\dashboard\courses\show_scripts.php(164): CodeIgniter\Debug\Exceptions->errorHandler(8, 'Undefined varia...', 'C:\\xampp\\htdocs...', 164, Array)
#1 C:\xampp\htdocs\dawah\app\Views\backend\index.php(102): include('C:\\xampp\\htdocs...')
#2 C:\xampp\htdocs\dawah\system\View\View.php(236): include('C:\\xampp\\htdocs...')
#3 C:\xampp\htdocs\dawah\system\Common.php(1071): CodeIgniter\View\View->render('backend/index', Array, true)
#4 C:\xampp\htdocs\dawah\app\Controllers\CoursesController.php(117): view('backend/index', Array)
#5 C:\xampp\htdocs\dawah\system\CodeIgniter.php(910): App\Controllers\CoursesController->show('11')
#6 C:\xampp\htdocs\dawah\system\CodeIgniter.php(398): CodeIgniter\CodeIgniter->runController(Object(App\Controllers\CoursesController))
#7 C:\xampp\htdocs\dawah\system\CodeIgniter.php(306): CodeIgniter\CodeIgniter->handleRequest(NULL, Object(Config\Cache), false)
#8 C:\xampp\htdocs\dawah\index.php(45): CodeIgniter\CodeIgniter->run()
#9 {main}
CRITICAL - 2020-06-30 20:21:07 --> Unknown column 'course_id' in 'where clause'
#0 C:\xampp\htdocs\dawah\system\Database\MySQLi\Connection.php(330): mysqli->query('SELECT *\nFROM `...')
#1 C:\xampp\htdocs\dawah\system\Database\BaseConnection.php(738): CodeIgniter\Database\MySQLi\Connection->execute('SELECT *\nFROM `...')
#2 C:\xampp\htdocs\dawah\system\Database\BaseConnection.php(666): CodeIgniter\Database\BaseConnection->simpleQuery('SELECT *\nFROM `...')
#3 C:\xampp\htdocs\dawah\system\Database\BaseBuilder.php(1819): CodeIgniter\Database\BaseConnection->query('SELECT *\nFROM `...', Array, false)
#4 C:\xampp\htdocs\dawah\system\Model.php(445): CodeIgniter\Database\BaseBuilder->get()
#5 C:\xampp\htdocs\dawah\app\Controllers\Academic\ReportsController.php(108): CodeIgniter\Model->findAll()
#6 C:\xampp\htdocs\dawah\system\CodeIgniter.php(910): App\Controllers\Academic\ReportsController->new('16')
#7 C:\xampp\htdocs\dawah\system\CodeIgniter.php(398): CodeIgniter\CodeIgniter->runController(Object(App\Controllers\Academic\ReportsController))
#8 C:\xampp\htdocs\dawah\system\CodeIgniter.php(306): CodeIgniter\CodeIgniter->handleRequest(NULL, Object(Config\Cache), false)
#9 C:\xampp\htdocs\dawah\index.php(45): CodeIgniter\CodeIgniter->run()
#10 {main}
CRITICAL - 2020-06-30 20:25:53 --> Class 'App\Controllers\Academic\SectionModel' not found
#0 C:\xampp\htdocs\dawah\system\CodeIgniter.php(910): App\Controllers\Academic\ReportsController->new('16')
#1 C:\xampp\htdocs\dawah\system\CodeIgniter.php(398): CodeIgniter\CodeIgniter->runController(Object(App\Controllers\Academic\ReportsController))
#2 C:\xampp\htdocs\dawah\system\CodeIgniter.php(306): CodeIgniter\CodeIgniter->handleRequest(NULL, Object(Config\Cache), false)
#3 C:\xampp\htdocs\dawah\index.php(45): CodeIgniter\CodeIgniter->run()
#4 {main}
CRITICAL - 2020-06-30 20:29:13 --> array_push() expects parameter 1 to be array, null given
#0 [internal function]: CodeIgniter\Debug\Exceptions->errorHandler(2, 'array_push() ex...', 'C:\\xampp\\htdocs...', 144, Array)
#1 C:\xampp\htdocs\dawah\app\Controllers\Academic\ReportsController.php(144): array_push(NULL, Array)
#2 C:\xampp\htdocs\dawah\system\CodeIgniter.php(910): App\Controllers\Academic\ReportsController->new('16')
#3 C:\xampp\htdocs\dawah\system\CodeIgniter.php(398): CodeIgniter\CodeIgniter->runController(Object(App\Controllers\Academic\ReportsController))
#4 C:\xampp\htdocs\dawah\system\CodeIgniter.php(306): CodeIgniter\CodeIgniter->handleRequest(NULL, Object(Config\Cache), false)
#5 C:\xampp\htdocs\dawah\index.php(45): CodeIgniter\CodeIgniter->run()
#6 {main}
CRITICAL - 2020-06-30 20:30:29 --> Illegal string offset 'status'
#0 C:\xampp\htdocs\dawah\app\Views\backend\dashboard\class_reports\new.php(97): CodeIgniter\Debug\Exceptions->errorHandler(2, 'Illegal string ...', 'C:\\xampp\\htdocs...', 97, Array)
#1 C:\xampp\htdocs\dawah\app\Views\backend\index.php(50): include('C:\\xampp\\htdocs...')
#2 C:\xampp\htdocs\dawah\system\View\View.php(236): include('C:\\xampp\\htdocs...')
#3 C:\xampp\htdocs\dawah\system\Common.php(1071): CodeIgniter\View\View->render('backend/index', Array, true)
#4 C:\xampp\htdocs\dawah\app\Controllers\Academic\ReportsController.php(153): view('backend/index', Array)
#5 C:\xampp\htdocs\dawah\system\CodeIgniter.php(910): App\Controllers\Academic\ReportsController->new('16')
#6 C:\xampp\htdocs\dawah\system\CodeIgniter.php(398): CodeIgniter\CodeIgniter->runController(Object(App\Controllers\Academic\ReportsController))
#7 C:\xampp\htdocs\dawah\system\CodeIgniter.php(306): CodeIgniter\CodeIgniter->handleRequest(NULL, Object(Config\Cache), false)
#8 C:\xampp\htdocs\dawah\index.php(45): CodeIgniter\CodeIgniter->run()
#9 {main}
CRITICAL - 2020-06-30 20:30:48 --> array_push() expects parameter 1 to be array, null given
#0 [internal function]: CodeIgniter\Debug\Exceptions->errorHandler(2, 'array_push() ex...', 'C:\\xampp\\htdocs...', 144, Array)
#1 C:\xampp\htdocs\dawah\app\Controllers\Academic\ReportsController.php(144): array_push(NULL, Array)
#2 C:\xampp\htdocs\dawah\system\CodeIgniter.php(910): App\Controllers\Academic\ReportsController->new('16')
#3 C:\xampp\htdocs\dawah\system\CodeIgniter.php(398): CodeIgniter\CodeIgniter->runController(Object(App\Controllers\Academic\ReportsController))
#4 C:\xampp\htdocs\dawah\system\CodeIgniter.php(306): CodeIgniter\CodeIgniter->handleRequest(NULL, Object(Config\Cache), false)
#5 C:\xampp\htdocs\dawah\index.php(45): CodeIgniter\CodeIgniter->run()
#6 {main}
CRITICAL - 2020-06-30 20:32:18 --> array_push() expects parameter 1 to be array, null given
#0 [internal function]: CodeIgniter\Debug\Exceptions->errorHandler(2, 'array_push() ex...', 'C:\\xampp\\htdocs...', 144, Array)
#1 C:\xampp\htdocs\dawah\app\Controllers\Academic\ReportsController.php(144): array_push(NULL, Array)
#2 C:\xampp\htdocs\dawah\system\CodeIgniter.php(910): App\Controllers\Academic\ReportsController->new('16')
#3 C:\xampp\htdocs\dawah\system\CodeIgniter.php(398): CodeIgniter\CodeIgniter->runController(Object(App\Controllers\Academic\ReportsController))
#4 C:\xampp\htdocs\dawah\system\CodeIgniter.php(306): CodeIgniter\CodeIgniter->handleRequest(NULL, Object(Config\Cache), false)
#5 C:\xampp\htdocs\dawah\index.php(45): CodeIgniter\CodeIgniter->run()
#6 {main}
CRITICAL - 2020-06-30 20:32:54 --> Illegal string offset 'status'
#0 C:\xampp\htdocs\dawah\app\Views\backend\dashboard\class_reports\new.php(97): CodeIgniter\Debug\Exceptions->errorHandler(2, 'Illegal string ...', 'C:\\xampp\\htdocs...', 97, Array)
#1 C:\xampp\htdocs\dawah\app\Views\backend\index.php(50): include('C:\\xampp\\htdocs...')
#2 C:\xampp\htdocs\dawah\system\View\View.php(236): include('C:\\xampp\\htdocs...')
#3 C:\xampp\htdocs\dawah\system\Common.php(1071): CodeIgniter\View\View->render('backend/index', Array, true)
#4 C:\xampp\htdocs\dawah\app\Controllers\Academic\ReportsController.php(155): view('backend/index', Array)
#5 C:\xampp\htdocs\dawah\system\CodeIgniter.php(910): App\Controllers\Academic\ReportsController->new('16')
#6 C:\xampp\htdocs\dawah\system\CodeIgniter.php(398): CodeIgniter\CodeIgniter->runController(Object(App\Controllers\Academic\ReportsController))
#7 C:\xampp\htdocs\dawah\system\CodeIgniter.php(306): CodeIgniter\CodeIgniter->handleRequest(NULL, Object(Config\Cache), false)
#8 C:\xampp\htdocs\dawah\index.php(45): CodeIgniter\CodeIgniter->run()
#9 {main}
CRITICAL - 2020-06-30 20:34:32 --> Illegal string offset 'status'
#0 C:\xampp\htdocs\dawah\app\Views\backend\dashboard\class_reports\new.php(97): CodeIgniter\Debug\Exceptions->errorHandler(2, 'Illegal string ...', 'C:\\xampp\\htdocs...', 97, Array)
#1 C:\xampp\htdocs\dawah\app\Views\backend\index.php(50): include('C:\\xampp\\htdocs...')
#2 C:\xampp\htdocs\dawah\system\View\View.php(236): include('C:\\xampp\\htdocs...')
#3 C:\xampp\htdocs\dawah\system\Common.php(1071): CodeIgniter\View\View->render('backend/index', Array, true)
#4 C:\xampp\htdocs\dawah\app\Controllers\Academic\ReportsController.php(157): view('backend/index', Array)
#5 C:\xampp\htdocs\dawah\system\CodeIgniter.php(910): App\Controllers\Academic\ReportsController->new('16')
#6 C:\xampp\htdocs\dawah\system\CodeIgniter.php(398): CodeIgniter\CodeIgniter->runController(Object(App\Controllers\Academic\ReportsController))
#7 C:\xampp\htdocs\dawah\system\CodeIgniter.php(306): CodeIgniter\CodeIgniter->handleRequest(NULL, Object(Config\Cache), false)
#8 C:\xampp\htdocs\dawah\index.php(45): CodeIgniter\CodeIgniter->run()
#9 {main}
CRITICAL - 2020-06-30 20:35:45 --> Undefined index: status
#0 C:\xampp\htdocs\dawah\app\Views\backend\dashboard\class_reports\new.php(97): CodeIgniter\Debug\Exceptions->errorHandler(8, 'Undefined index...', 'C:\\xampp\\htdocs...', 97, Array)
#1 C:\xampp\htdocs\dawah\app\Views\backend\index.php(50): include('C:\\xampp\\htdocs...')
#2 C:\xampp\htdocs\dawah\system\View\View.php(236): include('C:\\xampp\\htdocs...')
#3 C:\xampp\htdocs\dawah\system\Common.php(1071): CodeIgniter\View\View->render('backend/index', Array, true)
#4 C:\xampp\htdocs\dawah\app\Controllers\Academic\ReportsController.php(157): view('backend/index', Array)
#5 C:\xampp\htdocs\dawah\system\CodeIgniter.php(910): App\Controllers\Academic\ReportsController->new('16')
#6 C:\xampp\htdocs\dawah\system\CodeIgniter.php(398): CodeIgniter\CodeIgniter->runController(Object(App\Controllers\Academic\ReportsController))
#7 C:\xampp\htdocs\dawah\system\CodeIgniter.php(306): CodeIgniter\CodeIgniter->handleRequest(NULL, Object(Config\Cache), false)
#8 C:\xampp\htdocs\dawah\index.php(45): CodeIgniter\CodeIgniter->run()
#9 {main}
CRITICAL - 2020-06-30 20:36:06 --> Undefined index: status
#0 C:\xampp\htdocs\dawah\app\Views\backend\dashboard\class_reports\new.php(97): CodeIgniter\Debug\Exceptions->errorHandler(8, 'Undefined index...', 'C:\\xampp\\htdocs...', 97, Array)
#1 C:\xampp\htdocs\dawah\app\Views\backend\index.php(50): include('C:\\xampp\\htdocs...')
#2 C:\xampp\htdocs\dawah\system\View\View.php(236): include('C:\\xampp\\htdocs...')
#3 C:\xampp\htdocs\dawah\system\Common.php(1071): CodeIgniter\View\View->render('backend/index', Array, true)
#4 C:\xampp\htdocs\dawah\app\Controllers\Academic\ReportsController.php(157): view('backend/index', Array)
#5 C:\xampp\htdocs\dawah\system\CodeIgniter.php(910): App\Controllers\Academic\ReportsController->new('16')
#6 C:\xampp\htdocs\dawah\system\CodeIgniter.php(398): CodeIgniter\CodeIgniter->runController(Object(App\Controllers\Academic\ReportsController))
#7 C:\xampp\htdocs\dawah\system\CodeIgniter.php(306): CodeIgniter\CodeIgniter->handleRequest(NULL, Object(Config\Cache), false)
#8 C:\xampp\htdocs\dawah\index.php(45): CodeIgniter\CodeIgniter->run()
#9 {main}
CRITICAL - 2020-06-30 21:02:28 --> Undefined index: status
#0 C:\xampp\htdocs\dawah\app\Views\backend\dashboard\class_reports\new.php(100): CodeIgniter\Debug\Exceptions->errorHandler(8, 'Undefined index...', 'C:\\xampp\\htdocs...', 100, Array)
#1 C:\xampp\htdocs\dawah\app\Views\backend\index.php(50): include('C:\\xampp\\htdocs...')
#2 C:\xampp\htdocs\dawah\system\View\View.php(236): include('C:\\xampp\\htdocs...')
#3 C:\xampp\htdocs\dawah\system\Common.php(1071): CodeIgniter\View\View->render('backend/index', Array, true)
#4 C:\xampp\htdocs\dawah\app\Controllers\Academic\ReportsController.php(157): view('backend/index', Array)
#5 C:\xampp\htdocs\dawah\system\CodeIgniter.php(910): App\Controllers\Academic\ReportsController->new('16')
#6 C:\xampp\htdocs\dawah\system\CodeIgniter.php(398): CodeIgniter\CodeIgniter->runController(Object(App\Controllers\Academic\ReportsController))
#7 C:\xampp\htdocs\dawah\system\CodeIgniter.php(306): CodeIgniter\CodeIgniter->handleRequest(NULL, Object(Config\Cache), false)
#8 C:\xampp\htdocs\dawah\index.php(45): CodeIgniter\CodeIgniter->run()
#9 {main}
CRITICAL - 2020-06-30 21:04:04 --> Undefined index: name
#0 C:\xampp\htdocs\dawah\app\Views\backend\dashboard\class_reports\new.php(103): CodeIgniter\Debug\Exceptions->errorHandler(8, 'Undefined index...', 'C:\\xampp\\htdocs...', 103, Array)
#1 C:\xampp\htdocs\dawah\app\Views\backend\index.php(50): include('C:\\xampp\\htdocs...')
#2 C:\xampp\htdocs\dawah\system\View\View.php(236): include('C:\\xampp\\htdocs...')
#3 C:\xampp\htdocs\dawah\system\Common.php(1071): CodeIgniter\View\View->render('backend/index', Array, true)
#4 C:\xampp\htdocs\dawah\app\Controllers\Academic\ReportsController.php(157): view('backend/index', Array)
#5 C:\xampp\htdocs\dawah\system\CodeIgniter.php(910): App\Controllers\Academic\ReportsController->new('16')
#6 C:\xampp\htdocs\dawah\system\CodeIgniter.php(398): CodeIgniter\CodeIgniter->runController(Object(App\Controllers\Academic\ReportsController))
#7 C:\xampp\htdocs\dawah\system\CodeIgniter.php(306): CodeIgniter\CodeIgniter->handleRequest(NULL, Object(Config\Cache), false)
#8 C:\xampp\htdocs\dawah\index.php(45): CodeIgniter\CodeIgniter->run()
#9 {main}
CRITICAL - 2020-06-30 22:50:04 --> Unknown column 'course_id' in 'where clause'
#0 C:\xampp\htdocs\dawah\system\Database\MySQLi\Connection.php(330): mysqli->query('SELECT *\nFROM `...')
#1 C:\xampp\htdocs\dawah\system\Database\BaseConnection.php(738): CodeIgniter\Database\MySQLi\Connection->execute('SELECT *\nFROM `...')
#2 C:\xampp\htdocs\dawah\system\Database\BaseConnection.php(666): CodeIgniter\Database\BaseConnection->simpleQuery('SELECT *\nFROM `...')
#3 C:\xampp\htdocs\dawah\system\Database\BaseBuilder.php(1819): CodeIgniter\Database\BaseConnection->query('SELECT *\nFROM `...', Array, false)
#4 C:\xampp\htdocs\dawah\system\Model.php(445): CodeIgniter\Database\BaseBuilder->get()
#5 C:\xampp\htdocs\dawah\app\Controllers\Academic\ReportsController.php(302): CodeIgniter\Model->findAll()
#6 C:\xampp\htdocs\dawah\system\CodeIgniter.php(910): App\Controllers\Academic\ReportsController->show_summary('16')
#7 C:\xampp\htdocs\dawah\system\CodeIgniter.php(398): CodeIgniter\CodeIgniter->runController(Object(App\Controllers\Academic\ReportsController))
#8 C:\xampp\htdocs\dawah\system\CodeIgniter.php(306): CodeIgniter\CodeIgniter->handleRequest(NULL, Object(Config\Cache), false)
#9 C:\xampp\htdocs\dawah\index.php(45): CodeIgniter\CodeIgniter->run()
#10 {main}
CRITICAL - 2020-06-30 22:54:09 --> Undefined index: id
#0 C:\xampp\htdocs\dawah\app\Controllers\Academic\ReportsController.php(337): CodeIgniter\Debug\Exceptions->errorHandler(8, 'Undefined index...', 'C:\\xampp\\htdocs...', 337, Array)
#1 C:\xampp\htdocs\dawah\system\CodeIgniter.php(910): App\Controllers\Academic\ReportsController->show_summary('16')
#2 C:\xampp\htdocs\dawah\system\CodeIgniter.php(398): CodeIgniter\CodeIgniter->runController(Object(App\Controllers\Academic\ReportsController))
#3 C:\xampp\htdocs\dawah\system\CodeIgniter.php(306): CodeIgniter\CodeIgniter->handleRequest(NULL, Object(Config\Cache), false)
#4 C:\xampp\htdocs\dawah\index.php(45): CodeIgniter\CodeIgniter->run()
#5 {main}
CRITICAL - 2020-06-30 22:55:53 --> Unknown column 'course_id' in 'where clause'
#0 C:\xampp\htdocs\dawah\system\Database\MySQLi\Connection.php(330): mysqli->query('SELECT *\nFROM `...')
#1 C:\xampp\htdocs\dawah\system\Database\BaseConnection.php(738): CodeIgniter\Database\MySQLi\Connection->execute('SELECT *\nFROM `...')
#2 C:\xampp\htdocs\dawah\system\Database\BaseConnection.php(666): CodeIgniter\Database\BaseConnection->simpleQuery('SELECT *\nFROM `...')
#3 C:\xampp\htdocs\dawah\system\Database\BaseBuilder.php(1819): CodeIgniter\Database\BaseConnection->query('SELECT *\nFROM `...', Array, false)
#4 C:\xampp\htdocs\dawah\system\Model.php(445): CodeIgniter\Database\BaseBuilder->get()
#5 C:\xampp\htdocs\dawah\app\Controllers\Academic\ReportsController.php(210): CodeIgniter\Model->findAll()
#6 C:\xampp\htdocs\dawah\system\CodeIgniter.php(910): App\Controllers\Academic\ReportsController->show('16')
#7 C:\xampp\htdocs\dawah\system\CodeIgniter.php(398): CodeIgniter\CodeIgniter->runController(Object(App\Controllers\Academic\ReportsController))
#8 C:\xampp\htdocs\dawah\system\CodeIgniter.php(306): CodeIgniter\CodeIgniter->handleRequest(NULL, Object(Config\Cache), false)
#9 C:\xampp\htdocs\dawah\index.php(45): CodeIgniter\CodeIgniter->run()
#10 {main}
CRITICAL - 2020-06-30 23:01:12 --> Undefined index: id
#0 C:\xampp\htdocs\dawah\app\Controllers\Academic\ReportsController.php(234): CodeIgniter\Debug\Exceptions->errorHandler(8, 'Undefined index...', 'C:\\xampp\\htdocs...', 234, Array)
#1 C:\xampp\htdocs\dawah\system\CodeIgniter.php(910): App\Controllers\Academic\ReportsController->show('16')
#2 C:\xampp\htdocs\dawah\system\CodeIgniter.php(398): CodeIgniter\CodeIgniter->runController(Object(App\Controllers\Academic\ReportsController))
#3 C:\xampp\htdocs\dawah\system\CodeIgniter.php(306): CodeIgniter\CodeIgniter->handleRequest(NULL, Object(Config\Cache), false)
#4 C:\xampp\htdocs\dawah\index.php(45): CodeIgniter\CodeIgniter->run()
#5 {main}
CRITICAL - 2020-06-30 23:04:25 --> Undefined variable: lessons
#0 C:\xampp\htdocs\dawah\app\Views\backend\dashboard\class_reports\show.php(111): CodeIgniter\Debug\Exceptions->errorHandler(8, 'Undefined varia...', 'C:\\xampp\\htdocs...', 111, Array)
#1 C:\xampp\htdocs\dawah\app\Views\backend\index.php(50): include('C:\\xampp\\htdocs...')
#2 C:\xampp\htdocs\dawah\system\View\View.php(236): include('C:\\xampp\\htdocs...')
#3 C:\xampp\htdocs\dawah\system\Common.php(1071): CodeIgniter\View\View->render('backend/index', Array, true)
#4 C:\xampp\htdocs\dawah\app\Controllers\Academic\ReportsController.php(249): view('backend/index', Array)
#5 C:\xampp\htdocs\dawah\system\CodeIgniter.php(910): App\Controllers\Academic\ReportsController->show('16')
#6 C:\xampp\htdocs\dawah\system\CodeIgniter.php(398): CodeIgniter\CodeIgniter->runController(Object(App\Controllers\Academic\ReportsController))
#7 C:\xampp\htdocs\dawah\system\CodeIgniter.php(306): CodeIgniter\CodeIgniter->handleRequest(NULL, Object(Config\Cache), false)
#8 C:\xampp\htdocs\dawah\index.php(45): CodeIgniter\CodeIgniter->run()
#9 {main}
CRITICAL - 2020-06-30 23:06:01 --> Undefined variable: lessons
#0 C:\xampp\htdocs\dawah\app\Views\backend\dashboard\class_reports\show.php(111): CodeIgniter\Debug\Exceptions->errorHandler(8, 'Undefined varia...', 'C:\\xampp\\htdocs...', 111, Array)
#1 C:\xampp\htdocs\dawah\app\Views\backend\index.php(50): include('C:\\xampp\\htdocs...')
#2 C:\xampp\htdocs\dawah\system\View\View.php(236): include('C:\\xampp\\htdocs...')
#3 C:\xampp\htdocs\dawah\system\Common.php(1071): CodeIgniter\View\View->render('backend/index', Array, true)
#4 C:\xampp\htdocs\dawah\app\Controllers\Academic\ReportsController.php(250): view('backend/index', Array)
#5 C:\xampp\htdocs\dawah\system\CodeIgniter.php(910): App\Controllers\Academic\ReportsController->show('16')
#6 C:\xampp\htdocs\dawah\system\CodeIgniter.php(398): CodeIgniter\CodeIgniter->runController(Object(App\Controllers\Academic\ReportsController))
#7 C:\xampp\htdocs\dawah\system\CodeIgniter.php(306): CodeIgniter\CodeIgniter->handleRequest(NULL, Object(Config\Cache), false)
#8 C:\xampp\htdocs\dawah\index.php(45): CodeIgniter\CodeIgniter->run()
#9 {main}
CRITICAL - 2020-06-30 23:06:51 --> Undefined index: status
#0 C:\xampp\htdocs\dawah\app\Views\backend\dashboard\class_reports\show.php(112): CodeIgniter\Debug\Exceptions->errorHandler(8, 'Undefined index...', 'C:\\xampp\\htdocs...', 112, Array)
#1 C:\xampp\htdocs\dawah\app\Views\backend\index.php(50): include('C:\\xampp\\htdocs...')
#2 C:\xampp\htdocs\dawah\system\View\View.php(236): include('C:\\xampp\\htdocs...')
#3 C:\xampp\htdocs\dawah\system\Common.php(1071): CodeIgniter\View\View->render('backend/index', Array, true)
#4 C:\xampp\htdocs\dawah\app\Controllers\Academic\ReportsController.php(251): view('backend/index', Array)
#5 C:\xampp\htdocs\dawah\system\CodeIgniter.php(910): App\Controllers\Academic\ReportsController->show('16')
#6 C:\xampp\htdocs\dawah\system\CodeIgniter.php(398): CodeIgniter\CodeIgniter->runController(Object(App\Controllers\Academic\ReportsController))
#7 C:\xampp\htdocs\dawah\system\CodeIgniter.php(306): CodeIgniter\CodeIgniter->handleRequest(NULL, Object(Config\Cache), false)
#8 C:\xampp\htdocs\dawah\index.php(45): CodeIgniter\CodeIgniter->run()
#9 {main}
CRITICAL - 2020-06-30 23:07:04 --> Undefined index: name
#0 C:\xampp\htdocs\dawah\app\Views\backend\dashboard\class_reports\show.php(117): CodeIgniter\Debug\Exceptions->errorHandler(8, 'Undefined index...', 'C:\\xampp\\htdocs...', 117, Array)
#1 C:\xampp\htdocs\dawah\app\Views\backend\index.php(50): include('C:\\xampp\\htdocs...')
#2 C:\xampp\htdocs\dawah\system\View\View.php(236): include('C:\\xampp\\htdocs...')
#3 C:\xampp\htdocs\dawah\system\Common.php(1071): CodeIgniter\View\View->render('backend/index', Array, true)
#4 C:\xampp\htdocs\dawah\app\Controllers\Academic\ReportsController.php(251): view('backend/index', Array)
#5 C:\xampp\htdocs\dawah\system\CodeIgniter.php(910): App\Controllers\Academic\ReportsController->show('16')
#6 C:\xampp\htdocs\dawah\system\CodeIgniter.php(398): CodeIgniter\CodeIgniter->runController(Object(App\Controllers\Academic\ReportsController))
#7 C:\xampp\htdocs\dawah\system\CodeIgniter.php(306): CodeIgniter\CodeIgniter->handleRequest(NULL, Object(Config\Cache), false)
#8 C:\xampp\htdocs\dawah\index.php(45): CodeIgniter\CodeIgniter->run()
#9 {main}
CRITICAL - 2020-06-30 23:14:29 --> syntax error, unexpected 'else' (T_ELSE)
#0 C:\xampp\htdocs\dawah\system\View\View.php(236): include()
#1 C:\xampp\htdocs\dawah\system\Common.php(1071): CodeIgniter\View\View->render('backend/index', Array, true)
#2 C:\xampp\htdocs\dawah\app\Controllers\Academic\ReportsController.php(251): view('backend/index', Array)
#3 C:\xampp\htdocs\dawah\system\CodeIgniter.php(910): App\Controllers\Academic\ReportsController->show('16')
#4 C:\xampp\htdocs\dawah\system\CodeIgniter.php(398): CodeIgniter\CodeIgniter->runController(Object(App\Controllers\Academic\ReportsController))
#5 C:\xampp\htdocs\dawah\system\CodeIgniter.php(306): CodeIgniter\CodeIgniter->handleRequest(NULL, Object(Config\Cache), false)
#6 C:\xampp\htdocs\dawah\index.php(45): CodeIgniter\CodeIgniter->run()
#7 {main}
CRITICAL - 2020-06-30 23:14:49 --> syntax error, unexpected 'else' (T_ELSE)
#0 C:\xampp\htdocs\dawah\system\View\View.php(236): include()
#1 C:\xampp\htdocs\dawah\system\Common.php(1071): CodeIgniter\View\View->render('backend/index', Array, true)
#2 C:\xampp\htdocs\dawah\app\Controllers\Academic\ReportsController.php(251): view('backend/index', Array)
#3 C:\xampp\htdocs\dawah\system\CodeIgniter.php(910): App\Controllers\Academic\ReportsController->show('16')
#4 C:\xampp\htdocs\dawah\system\CodeIgniter.php(398): CodeIgniter\CodeIgniter->runController(Object(App\Controllers\Academic\ReportsController))
#5 C:\xampp\htdocs\dawah\system\CodeIgniter.php(306): CodeIgniter\CodeIgniter->handleRequest(NULL, Object(Config\Cache), false)
#6 C:\xampp\htdocs\dawah\index.php(45): CodeIgniter\CodeIgniter->run()
#7 {main}
CRITICAL - 2020-06-30 23:14:55 --> syntax error, unexpected 'endif' (T_ENDIF)
#0 C:\xampp\htdocs\dawah\system\View\View.php(236): include()
#1 C:\xampp\htdocs\dawah\system\Common.php(1071): CodeIgniter\View\View->render('backend/index', Array, true)
#2 C:\xampp\htdocs\dawah\app\Controllers\Academic\ReportsController.php(251): view('backend/index', Array)
#3 C:\xampp\htdocs\dawah\system\CodeIgniter.php(910): App\Controllers\Academic\ReportsController->show('16')
#4 C:\xampp\htdocs\dawah\system\CodeIgniter.php(398): CodeIgniter\CodeIgniter->runController(Object(App\Controllers\Academic\ReportsController))
#5 C:\xampp\htdocs\dawah\system\CodeIgniter.php(306): CodeIgniter\CodeIgniter->handleRequest(NULL, Object(Config\Cache), false)
#6 C:\xampp\htdocs\dawah\index.php(45): CodeIgniter\CodeIgniter->run()
#7 {main}
