CRITICAL - 2020-06-24 16:44:34 --> Deletes are not allowed unless they contain a "where" or "like" clause.
#0 C:\xampp\htdocs\dawah\app\Controllers\Academic\AchievementsCategoriesController.php(148): CodeIgniter\Model->delete(Array)
#1 C:\xampp\htdocs\dawah\system\CodeIgniter.php(910): App\Controllers\Academic\AchievementsCategoriesController->delete('12')
#2 C:\xampp\htdocs\dawah\system\CodeIgniter.php(398): CodeIgniter\CodeIgniter->runController(Object(App\Controllers\Academic\AchievementsCategoriesController))
#3 C:\xampp\htdocs\dawah\system\CodeIgniter.php(306): CodeIgniter\CodeIgniter->handleRequest(NULL, Object(Config\Cache), false)
#4 C:\xampp\htdocs\dawah\index.php(45): CodeIgniter\CodeIgniter->run()
#5 {main}
CRITICAL - 2020-06-24 16:47:52 --> Call to undefined function App\Controllers\Academic\isempty()
#0 C:\xampp\htdocs\dawah\system\CodeIgniter.php(910): App\Controllers\Academic\AchievementsCategoriesController->delete('12')
#1 C:\xampp\htdocs\dawah\system\CodeIgniter.php(398): CodeIgniter\CodeIgniter->runController(Object(App\Controllers\Academic\AchievementsCategoriesController))
#2 C:\xampp\htdocs\dawah\system\CodeIgniter.php(306): CodeIgniter\CodeIgniter->handleRequest(NULL, Object(Config\Cache), false)
#3 C:\xampp\htdocs\dawah\index.php(45): CodeIgniter\CodeIgniter->run()
#4 {main}
CRITICAL - 2020-06-24 16:48:05 --> Call to undefined function App\Controllers\Academic\isEmpty()
#0 C:\xampp\htdocs\dawah\system\CodeIgniter.php(910): App\Controllers\Academic\AchievementsCategoriesController->delete('12')
#1 C:\xampp\htdocs\dawah\system\CodeIgniter.php(398): CodeIgniter\CodeIgniter->runController(Object(App\Controllers\Academic\AchievementsCategoriesController))
#2 C:\xampp\htdocs\dawah\system\CodeIgniter.php(306): CodeIgniter\CodeIgniter->handleRequest(NULL, Object(Config\Cache), false)
#3 C:\xampp\htdocs\dawah\index.php(45): CodeIgniter\CodeIgniter->run()
#4 {main}
CRITICAL - 2020-06-24 16:48:12 --> Deletes are not allowed unless they contain a "where" or "like" clause.
#0 C:\xampp\htdocs\dawah\app\Controllers\Academic\AchievementsCategoriesController.php(160): CodeIgniter\Model->delete(Array)
#1 C:\xampp\htdocs\dawah\system\CodeIgniter.php(910): App\Controllers\Academic\AchievementsCategoriesController->delete('12')
#2 C:\xampp\htdocs\dawah\system\CodeIgniter.php(398): CodeIgniter\CodeIgniter->runController(Object(App\Controllers\Academic\AchievementsCategoriesController))
#3 C:\xampp\htdocs\dawah\system\CodeIgniter.php(306): CodeIgniter\CodeIgniter->handleRequest(NULL, Object(Config\Cache), false)
#4 C:\xampp\htdocs\dawah\index.php(45): CodeIgniter\CodeIgniter->run()
#5 {main}
