CRITICAL - 2020-05-01 14:25:46 --> Undefined index: password_changed_at
#0 C:\xampp\htdocs\dawah\app\Views\backend\index.php(6): CodeIgniter\Debug\Exceptions->errorHandler(8, 'Undefined index...', 'C:\\xampp\\htdocs...', 6, Array)
#1 C:\xampp\htdocs\dawah\system\View\View.php(236): include('C:\\xampp\\htdocs...')
#2 C:\xampp\htdocs\dawah\system\Common.php(1071): CodeIgniter\View\View->render('backend/index', Array, true)
#3 C:\xampp\htdocs\dawah\app\Controllers\ClassesController.php(61): view('backend/index', Array)
#4 C:\xampp\htdocs\dawah\system\CodeIgniter.php(910): App\Controllers\ClassesController->classesList('instructorClass...')
#5 C:\xampp\htdocs\dawah\system\CodeIgniter.php(398): CodeIgniter\CodeIgniter->runController(Object(App\Controllers\ClassesController))
#6 C:\xampp\htdocs\dawah\system\CodeIgniter.php(306): CodeIgniter\CodeIgniter->handleRequest(NULL, Object(Config\Cache), false)
#7 C:\xampp\htdocs\dawah\index.php(45): CodeIgniter\CodeIgniter->run()
#8 {main}
CRITICAL - 2020-05-01 14:25:52 --> syntax error, unexpected '}', expecting '('
#0 C:\xampp\htdocs\dawah\system\Autoloader\Autoloader.php(296): CodeIgniter\Autoloader\Autoloader->requireFile('C:\\xampp\\htdocs...')
#1 C:\xampp\htdocs\dawah\system\Autoloader\Autoloader.php(258): CodeIgniter\Autoloader\Autoloader->loadInNamespace('App\\Controllers...')
#2 [internal function]: CodeIgniter\Autoloader\Autoloader->loadClass('App\\Controllers...')
#3 [internal function]: spl_autoload_call('App\\Controllers...')
#4 C:\xampp\htdocs\dawah\system\CodeIgniter.php(861): class_exists('\\App\\Controller...', true)
#5 C:\xampp\htdocs\dawah\system\CodeIgniter.php(388): CodeIgniter\CodeIgniter->startController()
#6 C:\xampp\htdocs\dawah\system\CodeIgniter.php(306): CodeIgniter\CodeIgniter->handleRequest(NULL, Object(Config\Cache), false)
#7 C:\xampp\htdocs\dawah\index.php(45): CodeIgniter\CodeIgniter->run()
#8 {main}
CRITICAL - 2020-05-01 14:46:05 --> Class 'Locale' not found
#0 C:\xampp\htdocs\dawah\app\Controllers\AuthController.php(167): CodeIgniter\I18n\Time->__construct('now')
#1 C:\xampp\htdocs\dawah\system\CodeIgniter.php(910): App\Controllers\AuthController->reset_password()
#2 C:\xampp\htdocs\dawah\system\CodeIgniter.php(398): CodeIgniter\CodeIgniter->runController(Object(App\Controllers\AuthController))
#3 C:\xampp\htdocs\dawah\system\CodeIgniter.php(306): CodeIgniter\CodeIgniter->handleRequest(NULL, Object(Config\Cache), false)
#4 C:\xampp\htdocs\dawah\index.php(45): CodeIgniter\CodeIgniter->run()
#5 {main}
CRITICAL - 2020-05-01 14:53:51 --> Non-static method CodeIgniter\I18n\Time::toDateTime() should not be called statically
#0 C:\xampp\htdocs\dawah\app\Controllers\AuthController.php(167): CodeIgniter\Debug\Exceptions->errorHandler(8192, 'Non-static meth...', 'C:\\xampp\\htdocs...', 167, Array)
#1 C:\xampp\htdocs\dawah\system\CodeIgniter.php(910): App\Controllers\AuthController->reset_password()
#2 C:\xampp\htdocs\dawah\system\CodeIgniter.php(398): CodeIgniter\CodeIgniter->runController(Object(App\Controllers\AuthController))
#3 C:\xampp\htdocs\dawah\system\CodeIgniter.php(306): CodeIgniter\CodeIgniter->handleRequest(NULL, Object(Config\Cache), false)
#4 C:\xampp\htdocs\dawah\index.php(45): CodeIgniter\CodeIgniter->run()
#5 {main}
CRITICAL - 2020-05-01 14:57:40 --> Class 'App\Controllers\DateTime' not found
#0 C:\xampp\htdocs\dawah\system\CodeIgniter.php(910): App\Controllers\AuthController->reset_password()
#1 C:\xampp\htdocs\dawah\system\CodeIgniter.php(398): CodeIgniter\CodeIgniter->runController(Object(App\Controllers\AuthController))
#2 C:\xampp\htdocs\dawah\system\CodeIgniter.php(306): CodeIgniter\CodeIgniter->handleRequest(NULL, Object(Config\Cache), false)
#3 C:\xampp\htdocs\dawah\index.php(45): CodeIgniter\CodeIgniter->run()
#4 {main}
CRITICAL - 2020-05-01 14:59:07 --> Class 'App\Controllers\DateTime' not found
#0 C:\xampp\htdocs\dawah\system\CodeIgniter.php(910): App\Controllers\AuthController->reset_password()
#1 C:\xampp\htdocs\dawah\system\CodeIgniter.php(398): CodeIgniter\CodeIgniter->runController(Object(App\Controllers\AuthController))
#2 C:\xampp\htdocs\dawah\system\CodeIgniter.php(306): CodeIgniter\CodeIgniter->handleRequest(NULL, Object(Config\Cache), false)
#3 C:\xampp\htdocs\dawah\index.php(45): CodeIgniter\CodeIgniter->run()
#4 {main}
