CRITICAL - 2020-12-27 15:40:34 --> No connection could be made because the target machine actively refused it.

#0 C:\xampp\htdocs\dawah\system\Database\BaseConnection.php(377): CodeIgniter\Database\MySQLi\Connection->connect(false)
#1 C:\xampp\htdocs\dawah\system\Database\BaseConnection.php(643): CodeIgniter\Database\BaseConnection->initialize()
#2 C:\xampp\htdocs\dawah\system\Database\BaseBuilder.php(1819): CodeIgniter\Database\BaseConnection->query('SELECT *\nFROM `...', Array, false)
#3 C:\xampp\htdocs\dawah\system\Model.php(445): CodeIgniter\Database\BaseBuilder->get()
#4 C:\xampp\htdocs\dawah\app\Helpers\academic_helper.php(73): CodeIgniter\Model->findAll()
#5 C:\xampp\htdocs\dawah\app\Controllers\Academic\ReportsController.php(36): getStudents('16')
#6 C:\xampp\htdocs\dawah\system\CodeIgniter.php(910): App\Controllers\Academic\ReportsController->new('16')
#7 C:\xampp\htdocs\dawah\system\CodeIgniter.php(398): CodeIgniter\CodeIgniter->runController(Object(App\Controllers\Academic\ReportsController))
#8 C:\xampp\htdocs\dawah\system\CodeIgniter.php(306): CodeIgniter\CodeIgniter->handleRequest(NULL, Object(Config\Cache), false)
#9 C:\xampp\htdocs\dawah\index.php(45): CodeIgniter\CodeIgniter->run()
#10 {main}
CRITICAL - 2020-12-27 15:52:46 --> Undefined variable: output
#0 C:\xampp\htdocs\dawah\app\Controllers\Academic\ReportsController.php(1160): CodeIgniter\Debug\Exceptions->errorHandler(8, 'Undefined varia...', 'C:\\xampp\\htdocs...', 1160, Array)
#1 C:\xampp\htdocs\dawah\system\CodeIgniter.php(910): App\Controllers\Academic\ReportsController->get_absent_students()
#2 C:\xampp\htdocs\dawah\system\CodeIgniter.php(398): CodeIgniter\CodeIgniter->runController(Object(App\Controllers\Academic\ReportsController))
#3 C:\xampp\htdocs\dawah\system\CodeIgniter.php(306): CodeIgniter\CodeIgniter->handleRequest(NULL, Object(Config\Cache), false)
#4 C:\xampp\htdocs\dawah\index.php(45): CodeIgniter\CodeIgniter->run()
#5 {main}
CRITICAL - 2020-12-27 16:11:22 --> Undefined variable: class_data
#0 C:\xampp\htdocs\dawah\app\Views\backend\dashboard\classes_dropouts\scripts.php(30): CodeIgniter\Debug\Exceptions->errorHandler(8, 'Undefined varia...', 'C:\\xampp\\htdocs...', 30, Array)
#1 C:\xampp\htdocs\dawah\app\Views\backend\index.php(112): include('C:\\xampp\\htdocs...')
#2 C:\xampp\htdocs\dawah\system\View\View.php(236): include('C:\\xampp\\htdocs...')
#3 C:\xampp\htdocs\dawah\system\Common.php(1071): CodeIgniter\View\View->render('backend/index', Array, true)
#4 C:\xampp\htdocs\dawah\app\Controllers\Academic\ReportsController.php(1171): view('backend/index', Array)
#5 C:\xampp\htdocs\dawah\system\CodeIgniter.php(910): App\Controllers\Academic\ReportsController->get_dropouts_students()
#6 C:\xampp\htdocs\dawah\system\CodeIgniter.php(398): CodeIgniter\CodeIgniter->runController(Object(App\Controllers\Academic\ReportsController))
#7 C:\xampp\htdocs\dawah\system\CodeIgniter.php(306): CodeIgniter\CodeIgniter->handleRequest(NULL, Object(Config\Cache), false)
#8 C:\xampp\htdocs\dawah\index.php(45): CodeIgniter\CodeIgniter->run()
#9 {main}
CRITICAL - 2020-12-27 17:30:41 --> Undefined index: absence_value
#0 C:\xampp\htdocs\dawah\app\Views\backend\dashboard\classes_dropouts\index.php(34): CodeIgniter\Debug\Exceptions->errorHandler(8, 'Undefined index...', 'C:\\xampp\\htdocs...', 34, Array)
#1 C:\xampp\htdocs\dawah\app\Views\backend\index.php(57): include('C:\\xampp\\htdocs...')
#2 C:\xampp\htdocs\dawah\system\View\View.php(236): include('C:\\xampp\\htdocs...')
#3 C:\xampp\htdocs\dawah\system\Common.php(1071): CodeIgniter\View\View->render('backend/index', Array, true)
#4 C:\xampp\htdocs\dawah\app\Controllers\Academic\ReportsController.php(1189): view('backend/index', Array)
#5 C:\xampp\htdocs\dawah\system\CodeIgniter.php(910): App\Controllers\Academic\ReportsController->get_dropouts_students()
#6 C:\xampp\htdocs\dawah\system\CodeIgniter.php(398): CodeIgniter\CodeIgniter->runController(Object(App\Controllers\Academic\ReportsController))
#7 C:\xampp\htdocs\dawah\system\CodeIgniter.php(306): CodeIgniter\CodeIgniter->handleRequest(NULL, Object(Config\Cache), false)
#8 C:\xampp\htdocs\dawah\index.php(45): CodeIgniter\CodeIgniter->run()
#9 {main}
