CRITICAL - 2020-11-18 06:23:23 --> Class 'App\Filters\App' not found
#0 C:\xampp\htdocs\dawah\system\Filters\Filters.php(162): App\Filters\TokenCheckerFilter->before(Object(CodeIgniter\HTTP\IncomingRequest), NULL)
#1 C:\xampp\htdocs\dawah\system\CodeIgniter.php(376): CodeIgniter\Filters\Filters->run('api/classes/lis...', 'before')
#2 C:\xampp\htdocs\dawah\system\CodeIgniter.php(306): CodeIgniter\CodeIgniter->handleRequest(NULL, Object(Config\Cache), false)
#3 C:\xampp\htdocs\dawah\index.php(45): CodeIgniter\CodeIgniter->run()
#4 {main}
CRITICAL - 2020-11-18 06:24:04 --> Class 'App\Filters\App\Models\ApiTokenModel' not found
#0 C:\xampp\htdocs\dawah\system\Filters\Filters.php(162): App\Filters\TokenCheckerFilter->before(Object(CodeIgniter\HTTP\IncomingRequest), NULL)
#1 C:\xampp\htdocs\dawah\system\CodeIgniter.php(376): CodeIgniter\Filters\Filters->run('api/classes/lis...', 'before')
#2 C:\xampp\htdocs\dawah\system\CodeIgniter.php(306): CodeIgniter\CodeIgniter->handleRequest(NULL, Object(Config\Cache), false)
#3 C:\xampp\htdocs\dawah\index.php(45): CodeIgniter\CodeIgniter->run()
#4 {main}
CRITICAL - 2020-11-18 06:25:31 --> Class 'App\Filters\App\Models\APITokenModel' not found
#0 C:\xampp\htdocs\dawah\system\Filters\Filters.php(162): App\Filters\TokenCheckerFilter->before(Object(CodeIgniter\HTTP\IncomingRequest), NULL)
#1 C:\xampp\htdocs\dawah\system\CodeIgniter.php(376): CodeIgniter\Filters\Filters->run('api/classes/lis...', 'before')
#2 C:\xampp\htdocs\dawah\system\CodeIgniter.php(306): CodeIgniter\CodeIgniter->handleRequest(NULL, Object(Config\Cache), false)
#3 C:\xampp\htdocs\dawah\index.php(45): CodeIgniter\CodeIgniter->run()
#4 {main}
CRITICAL - 2020-11-18 06:27:20 --> Uncaught ErrorException: Array to string conversion in C:\xampp\htdocs\dawah\app\Filters\TokenCheckerFilter.php:25
Stack trace:
#0 C:\xampp\htdocs\dawah\app\Filters\TokenCheckerFilter.php(25): CodeIgniter\Debug\Exceptions->errorHandler(8, 'Array to string...', 'C:\\xampp\\htdocs...', 25, Array)
#1 C:\xampp\htdocs\dawah\system\Filters\Filters.php(162): App\Filters\TokenCheckerFilter->before(Object(CodeIgniter\HTTP\IncomingRequest), NULL)
#2 C:\xampp\htdocs\dawah\system\CodeIgniter.php(376): CodeIgniter\Filters\Filters->run('api/classes/lis...', 'before')
#3 C:\xampp\htdocs\dawah\system\CodeIgniter.php(306): CodeIgniter\CodeIgniter->handleRequest(NULL, Object(Config\Cache), false)
#4 C:\xampp\htdocs\dawah\index.php(45): CodeIgniter\CodeIgniter->run()
#5 {main}
  thrown
#0 [internal function]: CodeIgniter\Debug\Exceptions->shutdownHandler()
#1 {main}
