CRITICAL - 2020-07-30 00:34:21 --> syntax error, unexpected 'Alam' (T_STRING), expecting ')'
#0 C:\xampp\htdocs\dawah\system\Router\Router.php(192): CodeIgniter\Router\Router->autoRoute('Academic/Report...')
#1 C:\xampp\htdocs\dawah\system\CodeIgniter.php(785): CodeIgniter\Router\Router->handle('Academic/Report...')
#2 C:\xampp\htdocs\dawah\system\CodeIgniter.php(358): CodeIgniter\CodeIgniter->tryToRouteIt(Object(CodeIgniter\Router\RouteCollection))
#3 C:\xampp\htdocs\dawah\system\CodeIgniter.php(306): CodeIgniter\CodeIgniter->handleRequest(NULL, Object(Config\Cache), false)
#4 C:\xampp\htdocs\dawah\index.php(45): CodeIgniter\CodeIgniter->run()
#5 {main}
CRITICAL - 2020-07-30 00:35:38 --> syntax error, unexpected '$heading' (T_VARIABLE)
#0 C:\xampp\htdocs\dawah\system\Router\Router.php(192): CodeIgniter\Router\Router->autoRoute('Academic/Report...')
#1 C:\xampp\htdocs\dawah\system\CodeIgniter.php(785): CodeIgniter\Router\Router->handle('Academic/Report...')
#2 C:\xampp\htdocs\dawah\system\CodeIgniter.php(358): CodeIgniter\CodeIgniter->tryToRouteIt(Object(CodeIgniter\Router\RouteCollection))
#3 C:\xampp\htdocs\dawah\system\CodeIgniter.php(306): CodeIgniter\CodeIgniter->handleRequest(NULL, Object(Config\Cache), false)
#4 C:\xampp\htdocs\dawah\index.php(45): CodeIgniter\CodeIgniter->run()
#5 {main}
CRITICAL - 2020-07-30 00:35:48 --> array_keys() expects parameter 1 to be array, string given
#0 [internal function]: CodeIgniter\Debug\Exceptions->errorHandler(2, 'array_keys() ex...', 'C:\\xampp\\htdocs...', 590, Array)
#1 C:\xampp\htdocs\dawah\app\Controllers\Academic\ReportsController.php(590): array_keys('fff')
#2 C:\xampp\htdocs\dawah\system\CodeIgniter.php(910): App\Controllers\Academic\ReportsController->export_to_excel()
#3 C:\xampp\htdocs\dawah\system\CodeIgniter.php(398): CodeIgniter\CodeIgniter->runController(Object(App\Controllers\Academic\ReportsController))
#4 C:\xampp\htdocs\dawah\system\CodeIgniter.php(306): CodeIgniter\CodeIgniter->handleRequest(NULL, Object(Config\Cache), false)
#5 C:\xampp\htdocs\dawah\index.php(45): CodeIgniter\CodeIgniter->run()
#6 {main}
CRITICAL - 2020-07-30 00:48:23 --> A non-numeric value encountered
#0 C:\xampp\htdocs\dawah\app\Controllers\Academic\ReportsController.php(575): CodeIgniter\Debug\Exceptions->errorHandler(2, 'A non-numeric v...', 'C:\\xampp\\htdocs...', 575, Array)
#1 C:\xampp\htdocs\dawah\system\CodeIgniter.php(910): App\Controllers\Academic\ReportsController->export_to_excel()
#2 C:\xampp\htdocs\dawah\system\CodeIgniter.php(398): CodeIgniter\CodeIgniter->runController(Object(App\Controllers\Academic\ReportsController))
#3 C:\xampp\htdocs\dawah\system\CodeIgniter.php(306): CodeIgniter\CodeIgniter->handleRequest(NULL, Object(Config\Cache), false)
#4 C:\xampp\htdocs\dawah\index.php(45): CodeIgniter\CodeIgniter->run()
#5 {main}
CRITICAL - 2020-07-30 01:26:02 --> Trying to access array offset on value of type null
#0 C:\xampp\htdocs\dawah\app\Controllers\Academic\ReportsController.php(604): CodeIgniter\Debug\Exceptions->errorHandler(8, 'Trying to acces...', 'C:\\xampp\\htdocs...', 604, Array)
#1 C:\xampp\htdocs\dawah\system\CodeIgniter.php(910): App\Controllers\Academic\ReportsController->export_to_excel()
#2 C:\xampp\htdocs\dawah\system\CodeIgniter.php(398): CodeIgniter\CodeIgniter->runController(Object(App\Controllers\Academic\ReportsController))
#3 C:\xampp\htdocs\dawah\system\CodeIgniter.php(306): CodeIgniter\CodeIgniter->handleRequest(NULL, Object(Config\Cache), false)
#4 C:\xampp\htdocs\dawah\index.php(45): CodeIgniter\CodeIgniter->run()
#5 {main}
CRITICAL - 2020-07-30 01:26:12 --> Trying to access array offset on value of type null
#0 C:\xampp\htdocs\dawah\app\Controllers\Academic\ReportsController.php(604): CodeIgniter\Debug\Exceptions->errorHandler(8, 'Trying to acces...', 'C:\\xampp\\htdocs...', 604, Array)
#1 C:\xampp\htdocs\dawah\system\CodeIgniter.php(910): App\Controllers\Academic\ReportsController->export_to_excel()
#2 C:\xampp\htdocs\dawah\system\CodeIgniter.php(398): CodeIgniter\CodeIgniter->runController(Object(App\Controllers\Academic\ReportsController))
#3 C:\xampp\htdocs\dawah\system\CodeIgniter.php(306): CodeIgniter\CodeIgniter->handleRequest(NULL, Object(Config\Cache), false)
#4 C:\xampp\htdocs\dawah\index.php(45): CodeIgniter\CodeIgniter->run()
#5 {main}
CRITICAL - 2020-07-30 01:26:57 --> Trying to access array offset on value of type null
#0 C:\xampp\htdocs\dawah\app\Controllers\Academic\ReportsController.php(604): CodeIgniter\Debug\Exceptions->errorHandler(8, 'Trying to acces...', 'C:\\xampp\\htdocs...', 604, Array)
#1 C:\xampp\htdocs\dawah\system\CodeIgniter.php(910): App\Controllers\Academic\ReportsController->export_to_excel()
#2 C:\xampp\htdocs\dawah\system\CodeIgniter.php(398): CodeIgniter\CodeIgniter->runController(Object(App\Controllers\Academic\ReportsController))
#3 C:\xampp\htdocs\dawah\system\CodeIgniter.php(306): CodeIgniter\CodeIgniter->handleRequest(NULL, Object(Config\Cache), false)
#4 C:\xampp\htdocs\dawah\index.php(45): CodeIgniter\CodeIgniter->run()
#5 {main}
CRITICAL - 2020-07-30 01:27:32 --> Trying to access array offset on value of type null
#0 C:\xampp\htdocs\dawah\app\Controllers\Academic\ReportsController.php(604): CodeIgniter\Debug\Exceptions->errorHandler(8, 'Trying to acces...', 'C:\\xampp\\htdocs...', 604, Array)
#1 C:\xampp\htdocs\dawah\system\CodeIgniter.php(910): App\Controllers\Academic\ReportsController->export_to_excel()
#2 C:\xampp\htdocs\dawah\system\CodeIgniter.php(398): CodeIgniter\CodeIgniter->runController(Object(App\Controllers\Academic\ReportsController))
#3 C:\xampp\htdocs\dawah\system\CodeIgniter.php(306): CodeIgniter\CodeIgniter->handleRequest(NULL, Object(Config\Cache), false)
#4 C:\xampp\htdocs\dawah\index.php(45): CodeIgniter\CodeIgniter->run()
#5 {main}
CRITICAL - 2020-07-30 01:27:59 --> Trying to access array offset on value of type null
#0 C:\xampp\htdocs\dawah\app\Controllers\Academic\ReportsController.php(604): CodeIgniter\Debug\Exceptions->errorHandler(8, 'Trying to acces...', 'C:\\xampp\\htdocs...', 604, Array)
#1 C:\xampp\htdocs\dawah\system\CodeIgniter.php(910): App\Controllers\Academic\ReportsController->export_to_excel()
#2 C:\xampp\htdocs\dawah\system\CodeIgniter.php(398): CodeIgniter\CodeIgniter->runController(Object(App\Controllers\Academic\ReportsController))
#3 C:\xampp\htdocs\dawah\system\CodeIgniter.php(306): CodeIgniter\CodeIgniter->handleRequest(NULL, Object(Config\Cache), false)
#4 C:\xampp\htdocs\dawah\index.php(45): CodeIgniter\CodeIgniter->run()
#5 {main}
CRITICAL - 2020-07-30 01:46:33 --> Trying to access array offset on value of type null
#0 C:\xampp\htdocs\dawah\app\Controllers\Academic\ReportsController.php(604): CodeIgniter\Debug\Exceptions->errorHandler(8, 'Trying to acces...', 'C:\\xampp\\htdocs...', 604, Array)
#1 C:\xampp\htdocs\dawah\system\CodeIgniter.php(910): App\Controllers\Academic\ReportsController->export_to_excel()
#2 C:\xampp\htdocs\dawah\system\CodeIgniter.php(398): CodeIgniter\CodeIgniter->runController(Object(App\Controllers\Academic\ReportsController))
#3 C:\xampp\htdocs\dawah\system\CodeIgniter.php(306): CodeIgniter\CodeIgniter->handleRequest(NULL, Object(Config\Cache), false)
#4 C:\xampp\htdocs\dawah\index.php(45): CodeIgniter\CodeIgniter->run()
#5 {main}
CRITICAL - 2020-07-30 01:51:08 --> Undefined index: class_data
#0 C:\xampp\htdocs\dawah\app\Controllers\Academic\ReportsController.php(661): CodeIgniter\Debug\Exceptions->errorHandler(8, 'Undefined index...', 'C:\\xampp\\htdocs...', 661, Array)
#1 C:\xampp\htdocs\dawah\system\CodeIgniter.php(910): App\Controllers\Academic\ReportsController->export_to_excel()
#2 C:\xampp\htdocs\dawah\system\CodeIgniter.php(398): CodeIgniter\CodeIgniter->runController(Object(App\Controllers\Academic\ReportsController))
#3 C:\xampp\htdocs\dawah\system\CodeIgniter.php(306): CodeIgniter\CodeIgniter->handleRequest(NULL, Object(Config\Cache), false)
#4 C:\xampp\htdocs\dawah\index.php(45): CodeIgniter\CodeIgniter->run()
#5 {main}
CRITICAL - 2020-07-30 10:39:39 --> Trying to access array offset on value of type null
#0 C:\xampp\htdocs\dawah\app\Controllers\Academic\ReportsController.php(604): CodeIgniter\Debug\Exceptions->errorHandler(8, 'Trying to acces...', 'C:\\xampp\\htdocs...', 604, Array)
#1 C:\xampp\htdocs\dawah\system\CodeIgniter.php(910): App\Controllers\Academic\ReportsController->export_to_excel()
#2 C:\xampp\htdocs\dawah\system\CodeIgniter.php(398): CodeIgniter\CodeIgniter->runController(Object(App\Controllers\Academic\ReportsController))
#3 C:\xampp\htdocs\dawah\system\CodeIgniter.php(306): CodeIgniter\CodeIgniter->handleRequest(NULL, Object(Config\Cache), false)
#4 C:\xampp\htdocs\dawah\index.php(45): CodeIgniter\CodeIgniter->run()
#5 {main}
CRITICAL - 2020-07-30 10:57:39 --> utf8_encode() expects parameter 1 to be string, array given
#0 [internal function]: CodeIgniter\Debug\Exceptions->errorHandler(2, 'utf8_encode() e...', 'C:\\xampp\\htdocs...', 726, Array)
#1 C:\xampp\htdocs\dawah\app\Controllers\Academic\ReportsController.php(726): utf8_encode(Array)
#2 C:\xampp\htdocs\dawah\system\CodeIgniter.php(910): App\Controllers\Academic\ReportsController->export_to_excel()
#3 C:\xampp\htdocs\dawah\system\CodeIgniter.php(398): CodeIgniter\CodeIgniter->runController(Object(App\Controllers\Academic\ReportsController))
#4 C:\xampp\htdocs\dawah\system\CodeIgniter.php(306): CodeIgniter\CodeIgniter->handleRequest(NULL, Object(Config\Cache), false)
#5 C:\xampp\htdocs\dawah\index.php(45): CodeIgniter\CodeIgniter->run()
#6 {main}
CRITICAL - 2020-07-30 11:09:13 --> Trying to access array offset on value of type null
#0 C:\xampp\htdocs\dawah\app\Controllers\Academic\ReportsController.php(604): CodeIgniter\Debug\Exceptions->errorHandler(8, 'Trying to acces...', 'C:\\xampp\\htdocs...', 604, Array)
#1 C:\xampp\htdocs\dawah\system\CodeIgniter.php(910): App\Controllers\Academic\ReportsController->export_to_excel()
#2 C:\xampp\htdocs\dawah\system\CodeIgniter.php(398): CodeIgniter\CodeIgniter->runController(Object(App\Controllers\Academic\ReportsController))
#3 C:\xampp\htdocs\dawah\system\CodeIgniter.php(306): CodeIgniter\CodeIgniter->handleRequest(NULL, Object(Config\Cache), false)
#4 C:\xampp\htdocs\dawah\index.php(45): CodeIgniter\CodeIgniter->run()
#5 {main}
CRITICAL - 2020-07-30 11:09:34 --> Trying to access array offset on value of type null
#0 C:\xampp\htdocs\dawah\app\Controllers\Academic\ReportsController.php(604): CodeIgniter\Debug\Exceptions->errorHandler(8, 'Trying to acces...', 'C:\\xampp\\htdocs...', 604, Array)
#1 C:\xampp\htdocs\dawah\system\CodeIgniter.php(910): App\Controllers\Academic\ReportsController->export_to_excel()
#2 C:\xampp\htdocs\dawah\system\CodeIgniter.php(398): CodeIgniter\CodeIgniter->runController(Object(App\Controllers\Academic\ReportsController))
#3 C:\xampp\htdocs\dawah\system\CodeIgniter.php(306): CodeIgniter\CodeIgniter->handleRequest(NULL, Object(Config\Cache), false)
#4 C:\xampp\htdocs\dawah\index.php(45): CodeIgniter\CodeIgniter->run()
#5 {main}
CRITICAL - 2020-07-30 11:19:51 --> Trying to access array offset on value of type null
#0 C:\xampp\htdocs\dawah\app\Controllers\Academic\ReportsController.php(604): CodeIgniter\Debug\Exceptions->errorHandler(8, 'Trying to acces...', 'C:\\xampp\\htdocs...', 604, Array)
#1 C:\xampp\htdocs\dawah\system\CodeIgniter.php(910): App\Controllers\Academic\ReportsController->export_to_excel()
#2 C:\xampp\htdocs\dawah\system\CodeIgniter.php(398): CodeIgniter\CodeIgniter->runController(Object(App\Controllers\Academic\ReportsController))
#3 C:\xampp\htdocs\dawah\system\CodeIgniter.php(306): CodeIgniter\CodeIgniter->handleRequest(NULL, Object(Config\Cache), false)
#4 C:\xampp\htdocs\dawah\index.php(45): CodeIgniter\CodeIgniter->run()
#5 {main}
CRITICAL - 2020-07-30 15:01:02 --> Undefined index: first_name
#0 C:\xampp\htdocs\dawah\app\Controllers\Academic\ReportsController.php(685): CodeIgniter\Debug\Exceptions->errorHandler(8, 'Undefined index...', 'C:\\xampp\\htdocs...', 685, Array)
#1 C:\xampp\htdocs\dawah\system\CodeIgniter.php(910): App\Controllers\Academic\ReportsController->export_to_excel()
#2 C:\xampp\htdocs\dawah\system\CodeIgniter.php(398): CodeIgniter\CodeIgniter->runController(Object(App\Controllers\Academic\ReportsController))
#3 C:\xampp\htdocs\dawah\system\CodeIgniter.php(306): CodeIgniter\CodeIgniter->handleRequest(NULL, Object(Config\Cache), false)
#4 C:\xampp\htdocs\dawah\index.php(45): CodeIgniter\CodeIgniter->run()
#5 {main}
CRITICAL - 2020-07-30 15:01:09 --> Undefined index: first_name
#0 C:\xampp\htdocs\dawah\app\Controllers\Academic\ReportsController.php(685): CodeIgniter\Debug\Exceptions->errorHandler(8, 'Undefined index...', 'C:\\xampp\\htdocs...', 685, Array)
#1 C:\xampp\htdocs\dawah\system\CodeIgniter.php(910): App\Controllers\Academic\ReportsController->export_to_excel()
#2 C:\xampp\htdocs\dawah\system\CodeIgniter.php(398): CodeIgniter\CodeIgniter->runController(Object(App\Controllers\Academic\ReportsController))
#3 C:\xampp\htdocs\dawah\system\CodeIgniter.php(306): CodeIgniter\CodeIgniter->handleRequest(NULL, Object(Config\Cache), false)
#4 C:\xampp\htdocs\dawah\index.php(45): CodeIgniter\CodeIgniter->run()
#5 {main}
CRITICAL - 2020-07-30 17:13:15 --> Trying to access array offset on value of type null
#0 C:\xampp\htdocs\dawah\app\Controllers\Academic\ReportsController.php(604): CodeIgniter\Debug\Exceptions->errorHandler(8, 'Trying to acces...', 'C:\\xampp\\htdocs...', 604, Array)
#1 C:\xampp\htdocs\dawah\system\CodeIgniter.php(910): App\Controllers\Academic\ReportsController->export_to_excel()
#2 C:\xampp\htdocs\dawah\system\CodeIgniter.php(398): CodeIgniter\CodeIgniter->runController(Object(App\Controllers\Academic\ReportsController))
#3 C:\xampp\htdocs\dawah\system\CodeIgniter.php(306): CodeIgniter\CodeIgniter->handleRequest(NULL, Object(Config\Cache), false)
#4 C:\xampp\htdocs\dawah\index.php(45): CodeIgniter\CodeIgniter->run()
#5 {main}
CRITICAL - 2020-07-30 17:29:53 --> Array to string conversion
#0 C:\xampp\htdocs\dawah\app\Controllers\Academic\ReportsController.php(728): CodeIgniter\Debug\Exceptions->errorHandler(8, 'Array to string...', 'C:\\xampp\\htdocs...', 728, Array)
#1 C:\xampp\htdocs\dawah\system\CodeIgniter.php(910): App\Controllers\Academic\ReportsController->export_to_excel()
#2 C:\xampp\htdocs\dawah\system\CodeIgniter.php(398): CodeIgniter\CodeIgniter->runController(Object(App\Controllers\Academic\ReportsController))
#3 C:\xampp\htdocs\dawah\system\CodeIgniter.php(306): CodeIgniter\CodeIgniter->handleRequest(NULL, Object(Config\Cache), false)
#4 C:\xampp\htdocs\dawah\index.php(45): CodeIgniter\CodeIgniter->run()
#5 {main}
CRITICAL - 2020-07-30 18:04:12 --> syntax error, unexpected 'foreach' (T_FOREACH)
#0 C:\xampp\htdocs\dawah\system\Router\Router.php(192): CodeIgniter\Router\Router->autoRoute('Academic/Report...')
#1 C:\xampp\htdocs\dawah\system\CodeIgniter.php(785): CodeIgniter\Router\Router->handle('Academic/Report...')
#2 C:\xampp\htdocs\dawah\system\CodeIgniter.php(358): CodeIgniter\CodeIgniter->tryToRouteIt(Object(CodeIgniter\Router\RouteCollection))
#3 C:\xampp\htdocs\dawah\system\CodeIgniter.php(306): CodeIgniter\CodeIgniter->handleRequest(NULL, Object(Config\Cache), false)
#4 C:\xampp\htdocs\dawah\index.php(45): CodeIgniter\CodeIgniter->run()
#5 {main}
CRITICAL - 2020-07-30 18:53:29 --> Trying to access array offset on value of type null
#0 C:\xampp\htdocs\dawah\app\Controllers\Academic\ReportsController.php(617): CodeIgniter\Debug\Exceptions->errorHandler(8, 'Trying to acces...', 'C:\\xampp\\htdocs...', 617, Array)
#1 C:\xampp\htdocs\dawah\system\CodeIgniter.php(910): App\Controllers\Academic\ReportsController->export_to_excel()
#2 C:\xampp\htdocs\dawah\system\CodeIgniter.php(398): CodeIgniter\CodeIgniter->runController(Object(App\Controllers\Academic\ReportsController))
#3 C:\xampp\htdocs\dawah\system\CodeIgniter.php(306): CodeIgniter\CodeIgniter->handleRequest(NULL, Object(Config\Cache), false)
#4 C:\xampp\htdocs\dawah\index.php(45): CodeIgniter\CodeIgniter->run()
#5 {main}
CRITICAL - 2020-07-30 19:06:24 --> Trying to access array offset on value of type null
#0 C:\xampp\htdocs\dawah\app\Controllers\Academic\ReportsController.php(617): CodeIgniter\Debug\Exceptions->errorHandler(8, 'Trying to acces...', 'C:\\xampp\\htdocs...', 617, Array)
#1 C:\xampp\htdocs\dawah\system\CodeIgniter.php(910): App\Controllers\Academic\ReportsController->export_to_excel()
#2 C:\xampp\htdocs\dawah\system\CodeIgniter.php(398): CodeIgniter\CodeIgniter->runController(Object(App\Controllers\Academic\ReportsController))
#3 C:\xampp\htdocs\dawah\system\CodeIgniter.php(306): CodeIgniter\CodeIgniter->handleRequest(NULL, Object(Config\Cache), false)
#4 C:\xampp\htdocs\dawah\index.php(45): CodeIgniter\CodeIgniter->run()
#5 {main}
CRITICAL - 2020-07-30 21:03:44 --> Trying to access array offset on value of type null
#0 C:\xampp\htdocs\dawah\app\Controllers\Academic\ReportsController.php(617): CodeIgniter\Debug\Exceptions->errorHandler(8, 'Trying to acces...', 'C:\\xampp\\htdocs...', 617, Array)
#1 C:\xampp\htdocs\dawah\system\CodeIgniter.php(910): App\Controllers\Academic\ReportsController->export_to_excel()
#2 C:\xampp\htdocs\dawah\system\CodeIgniter.php(398): CodeIgniter\CodeIgniter->runController(Object(App\Controllers\Academic\ReportsController))
#3 C:\xampp\htdocs\dawah\system\CodeIgniter.php(306): CodeIgniter\CodeIgniter->handleRequest(NULL, Object(Config\Cache), false)
#4 C:\xampp\htdocs\dawah\index.php(45): CodeIgniter\CodeIgniter->run()
#5 {main}
CRITICAL - 2020-07-30 21:04:37 --> Trying to access array offset on value of type null
#0 C:\xampp\htdocs\dawah\app\Controllers\Academic\ReportsController.php(609): CodeIgniter\Debug\Exceptions->errorHandler(8, 'Trying to acces...', 'C:\\xampp\\htdocs...', 609, Array)
#1 C:\xampp\htdocs\dawah\system\CodeIgniter.php(910): App\Controllers\Academic\ReportsController->export_to_excel()
#2 C:\xampp\htdocs\dawah\system\CodeIgniter.php(398): CodeIgniter\CodeIgniter->runController(Object(App\Controllers\Academic\ReportsController))
#3 C:\xampp\htdocs\dawah\system\CodeIgniter.php(306): CodeIgniter\CodeIgniter->handleRequest(NULL, Object(Config\Cache), false)
#4 C:\xampp\htdocs\dawah\index.php(45): CodeIgniter\CodeIgniter->run()
#5 {main}
CRITICAL - 2020-07-30 23:24:37 --> Array to string conversion
#0 C:\xampp\htdocs\dawah\app\Controllers\Academic\ReportsController.php(566): CodeIgniter\Debug\Exceptions->errorHandler(8, 'Array to string...', 'C:\\xampp\\htdocs...', 566, Array)
#1 C:\xampp\htdocs\dawah\system\CodeIgniter.php(910): App\Controllers\Academic\ReportsController->export_to_excel()
#2 C:\xampp\htdocs\dawah\system\CodeIgniter.php(398): CodeIgniter\CodeIgniter->runController(Object(App\Controllers\Academic\ReportsController))
#3 C:\xampp\htdocs\dawah\system\CodeIgniter.php(306): CodeIgniter\CodeIgniter->handleRequest(NULL, Object(Config\Cache), false)
#4 C:\xampp\htdocs\dawah\index.php(45): CodeIgniter\CodeIgniter->run()
#5 {main}
CRITICAL - 2020-07-30 23:26:32 --> You have an error in your SQL syntax; check the manual that corresponds to your MariaDB server version for the right syntax to use near ')
ORDER BY `users_roles`.`id` ASC
 LIMIT 1' at line 4
#0 C:\xampp\htdocs\dawah\system\Database\MySQLi\Connection.php(330): mysqli->query('SELECT *\nFROM `...')
#1 C:\xampp\htdocs\dawah\system\Database\BaseConnection.php(738): CodeIgniter\Database\MySQLi\Connection->execute('SELECT *\nFROM `...')
#2 C:\xampp\htdocs\dawah\system\Database\BaseConnection.php(666): CodeIgniter\Database\BaseConnection->simpleQuery('SELECT *\nFROM `...')
#3 C:\xampp\htdocs\dawah\system\Database\BaseBuilder.php(1819): CodeIgniter\Database\BaseConnection->query('SELECT *\nFROM `...', Array, false)
#4 C:\xampp\htdocs\dawah\system\Model.php(482): CodeIgniter\Database\BaseBuilder->get()
#5 C:\xampp\htdocs\dawah\app\Helpers\roles_helper.php(11): CodeIgniter\Model->first()
#6 C:\xampp\htdocs\dawah\app\Controllers\ClassesController.php(293): isRole(Array, 'admin')
#7 C:\xampp\htdocs\dawah\system\CodeIgniter.php(910): App\Controllers\ClassesController->classesDataTable('all')
#8 C:\xampp\htdocs\dawah\system\CodeIgniter.php(398): CodeIgniter\CodeIgniter->runController(Object(App\Controllers\ClassesController))
#9 C:\xampp\htdocs\dawah\system\CodeIgniter.php(306): CodeIgniter\CodeIgniter->handleRequest(NULL, Object(Config\Cache), false)
#10 C:\xampp\htdocs\dawah\index.php(45): CodeIgniter\CodeIgniter->run()
#11 {main}
CRITICAL - 2020-07-30 23:36:59 --> Undefined index: first_name
#0 C:\xampp\htdocs\dawah\app\Controllers\Academic\ReportsController.php(697): CodeIgniter\Debug\Exceptions->errorHandler(8, 'Undefined index...', 'C:\\xampp\\htdocs...', 697, Array)
#1 C:\xampp\htdocs\dawah\system\CodeIgniter.php(910): App\Controllers\Academic\ReportsController->export_to_excel()
#2 C:\xampp\htdocs\dawah\system\CodeIgniter.php(398): CodeIgniter\CodeIgniter->runController(Object(App\Controllers\Academic\ReportsController))
#3 C:\xampp\htdocs\dawah\system\CodeIgniter.php(306): CodeIgniter\CodeIgniter->handleRequest(NULL, Object(Config\Cache), false)
#4 C:\xampp\htdocs\dawah\index.php(45): CodeIgniter\CodeIgniter->run()
#5 {main}
CRITICAL - 2020-07-30 23:40:17 --> syntax error, unexpected ';', expecting ')'
#0 C:\xampp\htdocs\dawah\system\Router\Router.php(192): CodeIgniter\Router\Router->autoRoute('Academic/Report...')
#1 C:\xampp\htdocs\dawah\system\CodeIgniter.php(785): CodeIgniter\Router\Router->handle('Academic/Report...')
#2 C:\xampp\htdocs\dawah\system\CodeIgniter.php(358): CodeIgniter\CodeIgniter->tryToRouteIt(Object(CodeIgniter\Router\RouteCollection))
#3 C:\xampp\htdocs\dawah\system\CodeIgniter.php(306): CodeIgniter\CodeIgniter->handleRequest(NULL, Object(Config\Cache), false)
#4 C:\xampp\htdocs\dawah\index.php(45): CodeIgniter\CodeIgniter->run()
#5 {main}
CRITICAL - 2020-07-30 23:40:57 --> Unparenthesized `a ? b : c ? d : e` is deprecated. Use either `(a ? b : c) ? d : e` or `a ? b : (c ? d : e)`
#0 C:\xampp\htdocs\dawah\system\Router\Router.php(549): CodeIgniter\Debug\Exceptions->errorHandler(8192, 'Unparenthesized...', 'C:\\xampp\\htdocs...', 697, Array)
#1 C:\xampp\htdocs\dawah\system\Router\Router.php(549): include_once()
#2 C:\xampp\htdocs\dawah\system\Router\Router.php(192): CodeIgniter\Router\Router->autoRoute('Academic/Report...')
#3 C:\xampp\htdocs\dawah\system\CodeIgniter.php(785): CodeIgniter\Router\Router->handle('Academic/Report...')
#4 C:\xampp\htdocs\dawah\system\CodeIgniter.php(358): CodeIgniter\CodeIgniter->tryToRouteIt(Object(CodeIgniter\Router\RouteCollection))
#5 C:\xampp\htdocs\dawah\system\CodeIgniter.php(306): CodeIgniter\CodeIgniter->handleRequest(NULL, Object(Config\Cache), false)
#6 C:\xampp\htdocs\dawah\index.php(45): CodeIgniter\CodeIgniter->run()
#7 {main}
CRITICAL - 2020-07-30 23:41:35 --> Undefined index: last_name
#0 C:\xampp\htdocs\dawah\app\Controllers\Academic\ReportsController.php(697): CodeIgniter\Debug\Exceptions->errorHandler(8, 'Undefined index...', 'C:\\xampp\\htdocs...', 697, Array)
#1 C:\xampp\htdocs\dawah\system\CodeIgniter.php(910): App\Controllers\Academic\ReportsController->export_to_excel()
#2 C:\xampp\htdocs\dawah\system\CodeIgniter.php(398): CodeIgniter\CodeIgniter->runController(Object(App\Controllers\Academic\ReportsController))
#3 C:\xampp\htdocs\dawah\system\CodeIgniter.php(306): CodeIgniter\CodeIgniter->handleRequest(NULL, Object(Config\Cache), false)
#4 C:\xampp\htdocs\dawah\index.php(45): CodeIgniter\CodeIgniter->run()
#5 {main}
CRITICAL - 2020-07-30 23:58:00 --> No connection could be made because the target machine actively refused it.

#0 C:\xampp\htdocs\dawah\system\Database\BaseConnection.php(377): CodeIgniter\Database\MySQLi\Connection->connect(false)
#1 C:\xampp\htdocs\dawah\system\Database\BaseConnection.php(643): CodeIgniter\Database\BaseConnection->initialize()
#2 C:\xampp\htdocs\dawah\system\Database\BaseBuilder.php(1819): CodeIgniter\Database\BaseConnection->query('SELECT *\nFROM `...', Array, false)
#3 C:\xampp\htdocs\dawah\system\Model.php(445): CodeIgniter\Database\BaseBuilder->get()
#4 C:\xampp\htdocs\dawah\app\Helpers\academic_helper.php(73): CodeIgniter\Model->findAll()
#5 C:\xampp\htdocs\dawah\app\Controllers\Academic\ReportsController.php(288): getStudents('15', 'all')
#6 C:\xampp\htdocs\dawah\system\CodeIgniter.php(910): App\Controllers\Academic\ReportsController->show_summary('15')
#7 C:\xampp\htdocs\dawah\system\CodeIgniter.php(398): CodeIgniter\CodeIgniter->runController(Object(App\Controllers\Academic\ReportsController))
#8 C:\xampp\htdocs\dawah\system\CodeIgniter.php(306): CodeIgniter\CodeIgniter->handleRequest(NULL, Object(Config\Cache), false)
#9 C:\xampp\htdocs\dawah\index.php(45): CodeIgniter\CodeIgniter->run()
#10 {main}
