CRITICAL - 2020-06-12 15:27:56 --> ini_set(): Headers already sent. You cannot change the session module's ini settings at this time
#0 [internal function]: CodeIgniter\Debug\Exceptions->errorHandler(2, 'ini_set(): Head...', 'C:\\xampp\\htdocs...', 101, Array)
#1 C:\xampp\htdocs\dawah\system\Session\Handlers\FileHandler.php(101): ini_set('session.save_pa...', 'C:\\xampp\\htdocs...')
#2 C:\xampp\htdocs\dawah\system\Config\Services.php(765): CodeIgniter\Session\Handlers\FileHandler->__construct(Object(Config\App), '::1')
#3 C:\xampp\htdocs\dawah\system\Config\BaseService.php(123): CodeIgniter\Config\Services::session(Object(Config\App), false)
#4 C:\xampp\htdocs\dawah\system\Config\Services.php(754): CodeIgniter\Config\BaseService::getSharedInstance('session', NULL)
#5 C:\xampp\htdocs\dawah\app\Controllers\BaseController.php(44): CodeIgniter\Config\Services::session()
#6 C:\xampp\htdocs\dawah\system\CodeIgniter.php(883): App\Controllers\BaseController->initController(Object(CodeIgniter\HTTP\IncomingRequest), Object(CodeIgniter\HTTP\Response), Object(CodeIgniter\Log\Logger))
#7 C:\xampp\htdocs\dawah\system\CodeIgniter.php(393): CodeIgniter\CodeIgniter->createController()
#8 C:\xampp\htdocs\dawah\system\CodeIgniter.php(306): CodeIgniter\CodeIgniter->handleRequest(NULL, Object(Config\Cache), false)
#9 C:\xampp\htdocs\dawah\index.php(45): CodeIgniter\CodeIgniter->run()
#10 {main}
CRITICAL - 2020-06-12 15:27:56 --> ini_set(): Headers already sent. You cannot change the session module's ini settings at this time
#0 [internal function]: CodeIgniter\Debug\Exceptions->errorHandler(2, 'ini_set(): Head...', 'C:\\xampp\\htdocs...', 101, Array)
#1 C:\xampp\htdocs\dawah\system\Session\Handlers\FileHandler.php(101): ini_set('session.save_pa...', 'C:\\xampp\\htdocs...')
#2 C:\xampp\htdocs\dawah\system\Config\Services.php(765): CodeIgniter\Session\Handlers\FileHandler->__construct(Object(Config\App), '::1')
#3 C:\xampp\htdocs\dawah\system\Config\BaseService.php(123): CodeIgniter\Config\Services::session(Object(Config\App), false)
#4 C:\xampp\htdocs\dawah\system\Config\Services.php(754): CodeIgniter\Config\BaseService::getSharedInstance('session', NULL)
#5 C:\xampp\htdocs\dawah\app\Controllers\BaseController.php(44): CodeIgniter\Config\Services::session()
#6 C:\xampp\htdocs\dawah\system\CodeIgniter.php(883): App\Controllers\BaseController->initController(Object(CodeIgniter\HTTP\IncomingRequest), Object(CodeIgniter\HTTP\Response), Object(CodeIgniter\Log\Logger))
#7 C:\xampp\htdocs\dawah\system\CodeIgniter.php(393): CodeIgniter\CodeIgniter->createController()
#8 C:\xampp\htdocs\dawah\system\CodeIgniter.php(306): CodeIgniter\CodeIgniter->handleRequest(NULL, Object(Config\Cache), false)
#9 C:\xampp\htdocs\dawah\index.php(45): CodeIgniter\CodeIgniter->run()
#10 {main}
CRITICAL - 2020-06-12 15:27:56 --> Uncaught ErrorException: Cannot modify header information - headers already sent by (output started at C:\xampp\htdocs\dawah\app\Config\Events.php:27) in C:\xampp\htdocs\dawah\system\Debug\Exceptions.php:161
Stack trace:
#0 [internal function]: CodeIgniter\Debug\Exceptions->errorHandler(2, 'Cannot modify h...', 'C:\\xampp\\htdocs...', 161, Array)
#1 C:\xampp\htdocs\dawah\system\Debug\Exceptions.php(161): header('HTTP/1.1 500 In...', true, 500)
#2 [internal function]: CodeIgniter\Debug\Exceptions->exceptionHandler(Object(ErrorException))
#3 {main}
  thrown
#0 [internal function]: CodeIgniter\Debug\Exceptions->shutdownHandler()
#1 {main}
CRITICAL - 2020-06-12 15:27:56 --> Uncaught ErrorException: Cannot modify header information - headers already sent by (output started at C:\xampp\htdocs\dawah\app\Config\Events.php:27) in C:\xampp\htdocs\dawah\system\Debug\Exceptions.php:161
Stack trace:
#0 [internal function]: CodeIgniter\Debug\Exceptions->errorHandler(2, 'Cannot modify h...', 'C:\\xampp\\htdocs...', 161, Array)
#1 C:\xampp\htdocs\dawah\system\Debug\Exceptions.php(161): header('HTTP/1.1 500 In...', true, 500)
#2 [internal function]: CodeIgniter\Debug\Exceptions->exceptionHandler(Object(ErrorException))
#3 {main}
  thrown
#0 [internal function]: CodeIgniter\Debug\Exceptions->shutdownHandler()
#1 {main}
